Audit Failure	3/14/2025 8:30:04 AM	Microsoft-Windows-Security-Auditing	4768	Kerberos Authentication Service	"A Kerberos authentication ticket (TGT) was requested.

Account Information:
	Account Name:		luke.hux
	Supplied Realm Name:	EMPIRE.LOCAL
	User ID:			NULL SID
	MSDS-SupportedEncryptionTypes:	-
	Available Keys:	-

Service Information:
	Service Name:		krbtgt/EMPIRE.LOCAL
	Service ID:		NULL SID
	MSDS-SupportedEncryptionTypes:	-
	Available Keys:	-

Domain Controller Information:
	MSDS-SupportedEncryptionTypes:	-
	Available Keys:	-

Network Information:
	Client Address:		172.16.100.253
	Client Port:		44531
	Advertized Etypes:	-

Additional Information:
	Ticket Options:		0x10
	Result Code:		0x6
	Ticket Encryption Type:	0xFFFFFFFF
	Session Encryption Type:	0x2D
	Pre-Authentication Type:	-
	Pre-Authentication EncryptionType:	0x2D

Certificate Information:
	Certificate Issuer Name:		
	Certificate Serial Number:	
	Certificate Thumbprint:		

Ticket information
	Response ticket hash:		-

Certificate information is only provided if a certificate was used for pre-authentication.

Pre-authentication types, ticket options, encryption types and result codes are defined in RFC 4120."
Audit Failure	3/14/2025 8:30:04 AM	Microsoft-Windows-Security-Auditing	4768	Kerberos Authentication Service	"A Kerberos authentication ticket (TGT) was requested.

Account Information:
	Account Name:		imwe.c
	Supplied Realm Name:	EMPIRE.LOCAL
	User ID:			NULL SID
	MSDS-SupportedEncryptionTypes:	-
	Available Keys:	-

Service Information:
	Service Name:		krbtgt/EMPIRE.LOCAL
	Service ID:		NULL SID
	MSDS-SupportedEncryptionTypes:	-
	Available Keys:	-

Domain Controller Information:
	MSDS-SupportedEncryptionTypes:	-
	Available Keys:	-

Network Information:
	Client Address:		172.16.100.253
	Client Port:		42638
	Advertized Etypes:	-

Additional Information:
	Ticket Options:		0x10
	Result Code:		0x6
	Ticket Encryption Type:	0xFFFFFFFF
	Session Encryption Type:	0x2D
	Pre-Authentication Type:	-
	Pre-Authentication EncryptionType:	0x2D

Certificate Information:
	Certificate Issuer Name:		
	Certificate Serial Number:	
	Certificate Thumbprint:		

Ticket information
	Response ticket hash:		-

Certificate information is only provided if a certificate was used for pre-authentication.

Pre-authentication types, ticket options, encryption types and result codes are defined in RFC 4120."
Audit Failure	3/14/2025 8:30:04 AM	Microsoft-Windows-Security-Auditing	4768	Kerberos Authentication Service	"A Kerberos authentication ticket (TGT) was requested.

Account Information:
	Account Name:		soffee
	Supplied Realm Name:	EMPIRE.LOCAL
	User ID:			NULL SID
	MSDS-SupportedEncryptionTypes:	-
	Available Keys:	-

Service Information:
	Service Name:		krbtgt/EMPIRE.LOCAL
	Service ID:		NULL SID
	MSDS-SupportedEncryptionTypes:	-
	Available Keys:	-

Domain Controller Information:
	MSDS-SupportedEncryptionTypes:	-
	Available Keys:	-

Network Information:
	Client Address:		172.16.100.253
	Client Port:		34192
	Advertized Etypes:	-

Additional Information:
	Ticket Options:		0x10
	Result Code:		0x6
	Ticket Encryption Type:	0xFFFFFFFF
	Session Encryption Type:	0x2D
	Pre-Authentication Type:	-
	Pre-Authentication EncryptionType:	0x2D

Certificate Information:
	Certificate Issuer Name:		
	Certificate Serial Number:	
	Certificate Thumbprint:		

Ticket information
	Response ticket hash:		-

Certificate information is only provided if a certificate was used for pre-authentication.

Pre-authentication types, ticket options, encryption types and result codes are defined in RFC 4120."
Audit Failure	3/14/2025 8:30:04 AM	Microsoft-Windows-Security-Auditing	4768	Kerberos Authentication Service	"A Kerberos authentication ticket (TGT) was requested.

Account Information:
	Account Name:		malbusjyn
	Supplied Realm Name:	EMPIRE.LOCAL
	User ID:			NULL SID
	MSDS-SupportedEncryptionTypes:	-
	Available Keys:	-

Service Information:
	Service Name:		krbtgt/EMPIRE.LOCAL
	Service ID:		NULL SID
	MSDS-SupportedEncryptionTypes:	-
	Available Keys:	-

Domain Controller Information:
	MSDS-SupportedEncryptionTypes:	-
	Available Keys:	-

Network Information:
	Client Address:		172.16.100.253
	Client Port:		34111
	Advertized Etypes:	-

Additional Information:
	Ticket Options:		0x10
	Result Code:		0x6
	Ticket Encryption Type:	0xFFFFFFFF
	Session Encryption Type:	0x2D
	Pre-Authentication Type:	-
	Pre-Authentication EncryptionType:	0x2D

Certificate Information:
	Certificate Issuer Name:		
	Certificate Serial Number:	
	Certificate Thumbprint:		

Ticket information
	Response ticket hash:		-

Certificate information is only provided if a certificate was used for pre-authentication.

Pre-authentication types, ticket options, encryption types and result codes are defined in RFC 4120."
Audit Failure	3/14/2025 8:30:04 AM	Microsoft-Windows-Security-Auditing	4768	Kerberos Authentication Service	"A Kerberos authentication ticket (TGT) was requested.

Account Information:
	Account Name:		bridgerwedge
	Supplied Realm Name:	EMPIRE.LOCAL
	User ID:			NULL SID
	MSDS-SupportedEncryptionTypes:	-
	Available Keys:	-

Service Information:
	Service Name:		krbtgt/EMPIRE.LOCAL
	Service ID:		NULL SID
	MSDS-SupportedEncryptionTypes:	-
	Available Keys:	-

Domain Controller Information:
	MSDS-SupportedEncryptionTypes:	-
	Available Keys:	-

Network Information:
	Client Address:		172.16.100.253
	Client Port:		57505
	Advertized Etypes:	-

Additional Information:
	Ticket Options:		0x10
	Result Code:		0x6
	Ticket Encryption Type:	0xFFFFFFFF
	Session Encryption Type:	0x2D
	Pre-Authentication Type:	-
	Pre-Authentication EncryptionType:	0x2D

Certificate Information:
	Certificate Issuer Name:		
	Certificate Serial Number:	
	Certificate Thumbprint:		

Ticket information
	Response ticket hash:		-

Certificate information is only provided if a certificate was used for pre-authentication.

Pre-authentication types, ticket options, encryption types and result codes are defined in RFC 4120."
Audit Failure	3/14/2025 8:30:04 AM	Microsoft-Windows-Security-Auditing	4768	Kerberos Authentication Service	"A Kerberos authentication ticket (TGT) was requested.

Account Information:
	Account Name:		organa_savage
	Supplied Realm Name:	EMPIRE.LOCAL
	User ID:			NULL SID
	MSDS-SupportedEncryptionTypes:	-
	Available Keys:	-

Service Information:
	Service Name:		krbtgt/EMPIRE.LOCAL
	Service ID:		NULL SID
	MSDS-SupportedEncryptionTypes:	-
	Available Keys:	-

Domain Controller Information:
	MSDS-SupportedEncryptionTypes:	-
	Available Keys:	-

Network Information:
	Client Address:		172.16.100.253
	Client Port:		56684
	Advertized Etypes:	-

Additional Information:
	Ticket Options:		0x10
	Result Code:		0x6
	Ticket Encryption Type:	0xFFFFFFFF
	Session Encryption Type:	0x2D
	Pre-Authentication Type:	-
	Pre-Authentication EncryptionType:	0x2D

Certificate Information:
	Certificate Issuer Name:		
	Certificate Serial Number:	
	Certificate Thumbprint:		

Ticket information
	Response ticket hash:		-

Certificate information is only provided if a certificate was used for pre-authentication.

Pre-authentication types, ticket options, encryption types and result codes are defined in RFC 4120."
Audit Failure	3/14/2025 8:30:04 AM	Microsoft-Windows-Security-Auditing	4768	Kerberos Authentication Service	"A Kerberos authentication ticket (TGT) was requested.

Account Information:
	Account Name:		dj.kryze
	Supplied Realm Name:	EMPIRE.LOCAL
	User ID:			NULL SID
	MSDS-SupportedEncryptionTypes:	-
	Available Keys:	-

Service Information:
	Service Name:		krbtgt/EMPIRE.LOCAL
	Service ID:		NULL SID
	MSDS-SupportedEncryptionTypes:	-
	Available Keys:	-

Domain Controller Information:
	MSDS-SupportedEncryptionTypes:	-
	Available Keys:	-

Network Information:
	Client Address:		172.16.100.253
	Client Port:		37356
	Advertized Etypes:	-

Additional Information:
	Ticket Options:		0x10
	Result Code:		0x6
	Ticket Encryption Type:	0xFFFFFFFF
	Session Encryption Type:	0x2D
	Pre-Authentication Type:	-
	Pre-Authentication EncryptionType:	0x2D

Certificate Information:
	Certificate Issuer Name:		
	Certificate Serial Number:	
	Certificate Thumbprint:		

Ticket information
	Response ticket hash:		-

Certificate information is only provided if a certificate was used for pre-authentication.

Pre-authentication types, ticket options, encryption types and result codes are defined in RFC 4120."
Audit Failure	3/14/2025 8:30:04 AM	Microsoft-Windows-Security-Auditing	4768	Kerberos Authentication Service	"A Kerberos authentication ticket (TGT) was requested.

Account Information:
	Account Name:		lars_jango
	Supplied Realm Name:	EMPIRE.LOCAL
	User ID:			NULL SID
	MSDS-SupportedEncryptionTypes:	-
	Available Keys:	-

Service Information:
	Service Name:		krbtgt/EMPIRE.LOCAL
	Service ID:		NULL SID
	MSDS-SupportedEncryptionTypes:	-
	Available Keys:	-

Domain Controller Information:
	MSDS-SupportedEncryptionTypes:	-
	Available Keys:	-

Network Information:
	Client Address:		172.16.100.253
	Client Port:		37416
	Advertized Etypes:	-

Additional Information:
	Ticket Options:		0x10
	Result Code:		0x6
	Ticket Encryption Type:	0xFFFFFFFF
	Session Encryption Type:	0x2D
	Pre-Authentication Type:	-
	Pre-Authentication EncryptionType:	0x2D

Certificate Information:
	Certificate Issuer Name:		
	Certificate Serial Number:	
	Certificate Thumbprint:		

Ticket information
	Response ticket hash:		-

Certificate information is only provided if a certificate was used for pre-authentication.

Pre-authentication types, ticket options, encryption types and result codes are defined in RFC 4120."
Audit Failure	3/14/2025 8:30:04 AM	Microsoft-Windows-Security-Auditing	4768	Kerberos Authentication Service	"A Kerberos authentication ticket (TGT) was requested.

Account Information:
	Account Name:		offee.c
	Supplied Realm Name:	EMPIRE.LOCAL
	User ID:			NULL SID
	MSDS-SupportedEncryptionTypes:	-
	Available Keys:	-

Service Information:
	Service Name:		krbtgt/EMPIRE.LOCAL
	Service ID:		NULL SID
	MSDS-SupportedEncryptionTypes:	-
	Available Keys:	-

Domain Controller Information:
	MSDS-SupportedEncryptionTypes:	-
	Available Keys:	-

Network Information:
	Client Address:		172.16.100.253
	Client Port:		40342
	Advertized Etypes:	-

Additional Information:
	Ticket Options:		0x10
	Result Code:		0x6
	Ticket Encryption Type:	0xFFFFFFFF
	Session Encryption Type:	0x2D
	Pre-Authentication Type:	-
	Pre-Authentication EncryptionType:	0x2D

Certificate Information:
	Certificate Issuer Name:		
	Certificate Serial Number:	
	Certificate Thumbprint:		

Ticket information
	Response ticket hash:		-

Certificate information is only provided if a certificate was used for pre-authentication.

Pre-authentication types, ticket options, encryption types and result codes are defined in RFC 4120."
Audit Failure	3/14/2025 8:30:04 AM	Microsoft-Windows-Security-Auditing	4768	Kerberos Authentication Service	"A Kerberos authentication ticket (TGT) was requested.

Account Information:
	Account Name:		thrawn_palpatine
	Supplied Realm Name:	EMPIRE.LOCAL
	User ID:			NULL SID
	MSDS-SupportedEncryptionTypes:	-
	Available Keys:	-

Service Information:
	Service Name:		krbtgt/EMPIRE.LOCAL
	Service ID:		NULL SID
	MSDS-SupportedEncryptionTypes:	-
	Available Keys:	-

Domain Controller Information:
	MSDS-SupportedEncryptionTypes:	-
	Available Keys:	-

Network Information:
	Client Address:		172.16.100.253
	Client Port:		42579
	Advertized Etypes:	-

Additional Information:
	Ticket Options:		0x10
	Result Code:		0x6
	Ticket Encryption Type:	0xFFFFFFFF
	Session Encryption Type:	0x2D
	Pre-Authentication Type:	-
	Pre-Authentication EncryptionType:	0x2D

Certificate Information:
	Certificate Issuer Name:		
	Certificate Serial Number:	
	Certificate Thumbprint:		

Ticket information
	Response ticket hash:		-

Certificate information is only provided if a certificate was used for pre-authentication.

Pre-authentication types, ticket options, encryption types and result codes are defined in RFC 4120."
Audit Failure	3/14/2025 8:30:04 AM	Microsoft-Windows-Security-Auditing	4768	Kerberos Authentication Service	"A Kerberos authentication ticket (TGT) was requested.

Account Information:
	Account Name:		antilles_dooku
	Supplied Realm Name:	EMPIRE.LOCAL
	User ID:			NULL SID
	MSDS-SupportedEncryptionTypes:	-
	Available Keys:	-

Service Information:
	Service Name:		krbtgt/EMPIRE.LOCAL
	Service ID:		NULL SID
	MSDS-SupportedEncryptionTypes:	-
	Available Keys:	-

Domain Controller Information:
	MSDS-SupportedEncryptionTypes:	-
	Available Keys:	-

Network Information:
	Client Address:		172.16.100.253
	Client Port:		54677
	Advertized Etypes:	-

Additional Information:
	Ticket Options:		0x10
	Result Code:		0x6
	Ticket Encryption Type:	0xFFFFFFFF
	Session Encryption Type:	0x2D
	Pre-Authentication Type:	-
	Pre-Authentication EncryptionType:	0x2D

Certificate Information:
	Certificate Issuer Name:		
	Certificate Serial Number:	
	Certificate Thumbprint:		

Ticket information
	Response ticket hash:		-

Certificate information is only provided if a certificate was used for pre-authentication.

Pre-authentication types, ticket options, encryption types and result codes are defined in RFC 4120."
Audit Failure	3/14/2025 8:30:04 AM	Microsoft-Windows-Security-Auditing	4768	Kerberos Authentication Service	"A Kerberos authentication ticket (TGT) was requested.

Account Information:
	Account Name:		imwe.j
	Supplied Realm Name:	EMPIRE.LOCAL
	User ID:			NULL SID
	MSDS-SupportedEncryptionTypes:	-
	Available Keys:	-

Service Information:
	Service Name:		krbtgt/EMPIRE.LOCAL
	Service ID:		NULL SID
	MSDS-SupportedEncryptionTypes:	-
	Available Keys:	-

Domain Controller Information:
	MSDS-SupportedEncryptionTypes:	-
	Available Keys:	-

Network Information:
	Client Address:		172.16.100.253
	Client Port:		40244
	Advertized Etypes:	-

Additional Information:
	Ticket Options:		0x10
	Result Code:		0x6
	Ticket Encryption Type:	0xFFFFFFFF
	Session Encryption Type:	0x2D
	Pre-Authentication Type:	-
	Pre-Authentication EncryptionType:	0x2D

Certificate Information:
	Certificate Issuer Name:		
	Certificate Serial Number:	
	Certificate Thumbprint:		

Ticket information
	Response ticket hash:		-

Certificate information is only provided if a certificate was used for pre-authentication.

Pre-authentication types, ticket options, encryption types and result codes are defined in RFC 4120."
Audit Failure	3/14/2025 8:30:04 AM	Microsoft-Windows-Security-Auditing	4768	Kerberos Authentication Service	"A Kerberos authentication ticket (TGT) was requested.

Account Information:
	Account Name:		tarkinfett
	Supplied Realm Name:	EMPIRE.LOCAL
	User ID:			NULL SID
	MSDS-SupportedEncryptionTypes:	-
	Available Keys:	-

Service Information:
	Service Name:		krbtgt/EMPIRE.LOCAL
	Service ID:		NULL SID
	MSDS-SupportedEncryptionTypes:	-
	Available Keys:	-

Domain Controller Information:
	MSDS-SupportedEncryptionTypes:	-
	Available Keys:	-

Network Information:
	Client Address:		172.16.100.253
	Client Port:		53742
	Advertized Etypes:	-

Additional Information:
	Ticket Options:		0x10
	Result Code:		0x6
	Ticket Encryption Type:	0xFFFFFFFF
	Session Encryption Type:	0x2D
	Pre-Authentication Type:	-
	Pre-Authentication EncryptionType:	0x2D

Certificate Information:
	Certificate Issuer Name:		
	Certificate Serial Number:	
	Certificate Thumbprint:		

Ticket information
	Response ticket hash:		-

Certificate information is only provided if a certificate was used for pre-authentication.

Pre-authentication types, ticket options, encryption types and result codes are defined in RFC 4120."
Audit Failure	3/14/2025 8:30:04 AM	Microsoft-Windows-Security-Auditing	4768	Kerberos Authentication Service	"A Kerberos authentication ticket (TGT) was requested.

Account Information:
	Account Name:		kren
	Supplied Realm Name:	EMPIRE.LOCAL
	User ID:			NULL SID
	MSDS-SupportedEncryptionTypes:	-
	Available Keys:	-

Service Information:
	Service Name:		krbtgt/EMPIRE.LOCAL
	Service ID:		NULL SID
	MSDS-SupportedEncryptionTypes:	-
	Available Keys:	-

Domain Controller Information:
	MSDS-SupportedEncryptionTypes:	-
	Available Keys:	-

Network Information:
	Client Address:		172.16.100.253
	Client Port:		40341
	Advertized Etypes:	-

Additional Information:
	Ticket Options:		0x10
	Result Code:		0x6
	Ticket Encryption Type:	0xFFFFFFFF
	Session Encryption Type:	0x2D
	Pre-Authentication Type:	-
	Pre-Authentication EncryptionType:	0x2D

Certificate Information:
	Certificate Issuer Name:		
	Certificate Serial Number:	
	Certificate Thumbprint:		

Ticket information
	Response ticket hash:		-

Certificate information is only provided if a certificate was used for pre-authentication.

Pre-authentication types, ticket options, encryption types and result codes are defined in RFC 4120."
Audit Failure	3/14/2025 8:30:04 AM	Microsoft-Windows-Security-Auditing	4768	Kerberos Authentication Service	"A Kerberos authentication ticket (TGT) was requested.

Account Information:
	Account Name:		sabine.antilles
	Supplied Realm Name:	EMPIRE.LOCAL
	User ID:			NULL SID
	MSDS-SupportedEncryptionTypes:	-
	Available Keys:	-

Service Information:
	Service Name:		krbtgt/EMPIRE.LOCAL
	Service ID:		NULL SID
	MSDS-SupportedEncryptionTypes:	-
	Available Keys:	-

Domain Controller Information:
	MSDS-SupportedEncryptionTypes:	-
	Available Keys:	-

Network Information:
	Client Address:		172.16.100.253
	Client Port:		50747
	Advertized Etypes:	-

Additional Information:
	Ticket Options:		0x10
	Result Code:		0x6
	Ticket Encryption Type:	0xFFFFFFFF
	Session Encryption Type:	0x2D
	Pre-Authentication Type:	-
	Pre-Authentication EncryptionType:	0x2D

Certificate Information:
	Certificate Issuer Name:		
	Certificate Serial Number:	
	Certificate Thumbprint:		

Ticket information
	Response ticket hash:		-

Certificate information is only provided if a certificate was used for pre-authentication.

Pre-authentication types, ticket options, encryption types and result codes are defined in RFC 4120."
Audit Failure	3/14/2025 8:30:04 AM	Microsoft-Windows-Security-Auditing	4768	Kerberos Authentication Service	"A Kerberos authentication ticket (TGT) was requested.

Account Information:
	Account Name:		vaderjabba
	Supplied Realm Name:	EMPIRE.LOCAL
	User ID:			NULL SID
	MSDS-SupportedEncryptionTypes:	-
	Available Keys:	-

Service Information:
	Service Name:		krbtgt/EMPIRE.LOCAL
	Service ID:		NULL SID
	MSDS-SupportedEncryptionTypes:	-
	Available Keys:	-

Domain Controller Information:
	MSDS-SupportedEncryptionTypes:	-
	Available Keys:	-

Network Information:
	Client Address:		172.16.100.253
	Client Port:		39700
	Advertized Etypes:	-

Additional Information:
	Ticket Options:		0x10
	Result Code:		0x6
	Ticket Encryption Type:	0xFFFFFFFF
	Session Encryption Type:	0x2D
	Pre-Authentication Type:	-
	Pre-Authentication EncryptionType:	0x2D

Certificate Information:
	Certificate Issuer Name:		
	Certificate Serial Number:	
	Certificate Thumbprint:		

Ticket information
	Response ticket hash:		-

Certificate information is only provided if a certificate was used for pre-authentication.

Pre-authentication types, ticket options, encryption types and result codes are defined in RFC 4120."
Audit Failure	3/14/2025 8:30:04 AM	Microsoft-Windows-Security-Auditing	4768	Kerberos Authentication Service	"A Kerberos authentication ticket (TGT) was requested.

Account Information:
	Account Name:		kallus_quigon
	Supplied Realm Name:	EMPIRE.LOCAL
	User ID:			NULL SID
	MSDS-SupportedEncryptionTypes:	-
	Available Keys:	-

Service Information:
	Service Name:		krbtgt/EMPIRE.LOCAL
	Service ID:		NULL SID
	MSDS-SupportedEncryptionTypes:	-
	Available Keys:	-

Domain Controller Information:
	MSDS-SupportedEncryptionTypes:	-
	Available Keys:	-

Network Information:
	Client Address:		172.16.100.253
	Client Port:		44195
	Advertized Etypes:	-

Additional Information:
	Ticket Options:		0x10
	Result Code:		0x6
	Ticket Encryption Type:	0xFFFFFFFF
	Session Encryption Type:	0x2D
	Pre-Authentication Type:	-
	Pre-Authentication EncryptionType:	0x2D

Certificate Information:
	Certificate Issuer Name:		
	Certificate Serial Number:	
	Certificate Thumbprint:		

Ticket information
	Response ticket hash:		-

Certificate information is only provided if a certificate was used for pre-authentication.

Pre-authentication types, ticket options, encryption types and result codes are defined in RFC 4120."
Audit Failure	3/14/2025 8:30:04 AM	Microsoft-Windows-Security-Auditing	4768	Kerberos Authentication Service	"A Kerberos authentication ticket (TGT) was requested.

Account Information:
	Account Name:		aamidala
	Supplied Realm Name:	EMPIRE.LOCAL
	User ID:			NULL SID
	MSDS-SupportedEncryptionTypes:	-
	Available Keys:	-

Service Information:
	Service Name:		krbtgt/EMPIRE.LOCAL
	Service ID:		NULL SID
	MSDS-SupportedEncryptionTypes:	-
	Available Keys:	-

Domain Controller Information:
	MSDS-SupportedEncryptionTypes:	-
	Available Keys:	-

Network Information:
	Client Address:		172.16.100.253
	Client Port:		51837
	Advertized Etypes:	-

Additional Information:
	Ticket Options:		0x10
	Result Code:		0x6
	Ticket Encryption Type:	0xFFFFFFFF
	Session Encryption Type:	0x2D
	Pre-Authentication Type:	-
	Pre-Authentication EncryptionType:	0x2D

Certificate Information:
	Certificate Issuer Name:		
	Certificate Serial Number:	
	Certificate Thumbprint:		

Ticket information
	Response ticket hash:		-

Certificate information is only provided if a certificate was used for pre-authentication.

Pre-authentication types, ticket options, encryption types and result codes are defined in RFC 4120."
Audit Failure	3/14/2025 8:30:04 AM	Microsoft-Windows-Security-Auditing	4768	Kerberos Authentication Service	"A Kerberos authentication ticket (TGT) was requested.

Account Information:
	Account Name:		ventresssaw
	Supplied Realm Name:	EMPIRE.LOCAL
	User ID:			NULL SID
	MSDS-SupportedEncryptionTypes:	-
	Available Keys:	-

Service Information:
	Service Name:		krbtgt/EMPIRE.LOCAL
	Service ID:		NULL SID
	MSDS-SupportedEncryptionTypes:	-
	Available Keys:	-

Domain Controller Information:
	MSDS-SupportedEncryptionTypes:	-
	Available Keys:	-

Network Information:
	Client Address:		172.16.100.253
	Client Port:		50253
	Advertized Etypes:	-

Additional Information:
	Ticket Options:		0x10
	Result Code:		0x6
	Ticket Encryption Type:	0xFFFFFFFF
	Session Encryption Type:	0x2D
	Pre-Authentication Type:	-
	Pre-Authentication EncryptionType:	0x2D

Certificate Information:
	Certificate Issuer Name:		
	Certificate Serial Number:	
	Certificate Thumbprint:		

Ticket information
	Response ticket hash:		-

Certificate information is only provided if a certificate was used for pre-authentication.

Pre-authentication types, ticket options, encryption types and result codes are defined in RFC 4120."
Audit Failure	3/14/2025 8:30:04 AM	Microsoft-Windows-Security-Auditing	4768	Kerberos Authentication Service	"A Kerberos authentication ticket (TGT) was requested.

Account Information:
	Account Name:		savagetano
	Supplied Realm Name:	EMPIRE.LOCAL
	User ID:			NULL SID
	MSDS-SupportedEncryptionTypes:	-
	Available Keys:	-

Service Information:
	Service Name:		krbtgt/EMPIRE.LOCAL
	Service ID:		NULL SID
	MSDS-SupportedEncryptionTypes:	-
	Available Keys:	-

Domain Controller Information:
	MSDS-SupportedEncryptionTypes:	-
	Available Keys:	-

Network Information:
	Client Address:		172.16.100.253
	Client Port:		48447
	Advertized Etypes:	-

Additional Information:
	Ticket Options:		0x10
	Result Code:		0x6
	Ticket Encryption Type:	0xFFFFFFFF
	Session Encryption Type:	0x2D
	Pre-Authentication Type:	-
	Pre-Authentication EncryptionType:	0x2D

Certificate Information:
	Certificate Issuer Name:		
	Certificate Serial Number:	
	Certificate Thumbprint:		

Ticket information
	Response ticket hash:		-

Certificate information is only provided if a certificate was used for pre-authentication.

Pre-authentication types, ticket options, encryption types and result codes are defined in RFC 4120."
Audit Failure	3/14/2025 8:30:04 AM	Microsoft-Windows-Security-Auditing	4768	Kerberos Authentication Service	"A Kerberos authentication ticket (TGT) was requested.

Account Information:
	Account Name:		hux_greedo
	Supplied Realm Name:	EMPIRE.LOCAL
	User ID:			NULL SID
	MSDS-SupportedEncryptionTypes:	-
	Available Keys:	-

Service Information:
	Service Name:		krbtgt/EMPIRE.LOCAL
	Service ID:		NULL SID
	MSDS-SupportedEncryptionTypes:	-
	Available Keys:	-

Domain Controller Information:
	MSDS-SupportedEncryptionTypes:	-
	Available Keys:	-

Network Information:
	Client Address:		172.16.100.253
	Client Port:		35287
	Advertized Etypes:	-

Additional Information:
	Ticket Options:		0x10
	Result Code:		0x6
	Ticket Encryption Type:	0xFFFFFFFF
	Session Encryption Type:	0x2D
	Pre-Authentication Type:	-
	Pre-Authentication EncryptionType:	0x2D

Certificate Information:
	Certificate Issuer Name:		
	Certificate Serial Number:	
	Certificate Thumbprint:		

Ticket information
	Response ticket hash:		-

Certificate information is only provided if a certificate was used for pre-authentication.

Pre-authentication types, ticket options, encryption types and result codes are defined in RFC 4120."
Audit Failure	3/14/2025 8:30:04 AM	Microsoft-Windows-Security-Auditing	4768	Kerberos Authentication Service	"A Kerberos authentication ticket (TGT) was requested.

Account Information:
	Account Name:		offeepadme
	Supplied Realm Name:	EMPIRE.LOCAL
	User ID:			NULL SID
	MSDS-SupportedEncryptionTypes:	-
	Available Keys:	-

Service Information:
	Service Name:		krbtgt/EMPIRE.LOCAL
	Service ID:		NULL SID
	MSDS-SupportedEncryptionTypes:	-
	Available Keys:	-

Domain Controller Information:
	MSDS-SupportedEncryptionTypes:	-
	Available Keys:	-

Network Information:
	Client Address:		172.16.100.253
	Client Port:		48820
	Advertized Etypes:	-

Additional Information:
	Ticket Options:		0x10
	Result Code:		0x6
	Ticket Encryption Type:	0xFFFFFFFF
	Session Encryption Type:	0x2D
	Pre-Authentication Type:	-
	Pre-Authentication EncryptionType:	0x2D

Certificate Information:
	Certificate Issuer Name:		
	Certificate Serial Number:	
	Certificate Thumbprint:		

Ticket information
	Response ticket hash:		-

Certificate information is only provided if a certificate was used for pre-authentication.

Pre-authentication types, ticket options, encryption types and result codes are defined in RFC 4120."
Audit Failure	3/14/2025 8:30:04 AM	Microsoft-Windows-Security-Auditing	4768	Kerberos Authentication Service	"A Kerberos authentication ticket (TGT) was requested.

Account Information:
	Account Name:		vventress
	Supplied Realm Name:	EMPIRE.LOCAL
	User ID:			NULL SID
	MSDS-SupportedEncryptionTypes:	-
	Available Keys:	-

Service Information:
	Service Name:		krbtgt/EMPIRE.LOCAL
	Service ID:		NULL SID
	MSDS-SupportedEncryptionTypes:	-
	Available Keys:	-

Domain Controller Information:
	MSDS-SupportedEncryptionTypes:	-
	Available Keys:	-

Network Information:
	Client Address:		172.16.100.253
	Client Port:		51763
	Advertized Etypes:	-

Additional Information:
	Ticket Options:		0x10
	Result Code:		0x6
	Ticket Encryption Type:	0xFFFFFFFF
	Session Encryption Type:	0x2D
	Pre-Authentication Type:	-
	Pre-Authentication EncryptionType:	0x2D

Certificate Information:
	Certificate Issuer Name:		
	Certificate Serial Number:	
	Certificate Thumbprint:		

Ticket information
	Response ticket hash:		-

Certificate information is only provided if a certificate was used for pre-authentication.

Pre-authentication types, ticket options, encryption types and result codes are defined in RFC 4120."
Audit Failure	3/14/2025 8:30:04 AM	Microsoft-Windows-Security-Auditing	4768	Kerberos Authentication Service	"A Kerberos authentication ticket (TGT) was requested.

Account Information:
	Account Name:		mthrawn
	Supplied Realm Name:	EMPIRE.LOCAL
	User ID:			NULL SID
	MSDS-SupportedEncryptionTypes:	-
	Available Keys:	-

Service Information:
	Service Name:		krbtgt/EMPIRE.LOCAL
	Service ID:		NULL SID
	MSDS-SupportedEncryptionTypes:	-
	Available Keys:	-

Domain Controller Information:
	MSDS-SupportedEncryptionTypes:	-
	Available Keys:	-

Network Information:
	Client Address:		172.16.100.253
	Client Port:		56786
	Advertized Etypes:	-

Additional Information:
	Ticket Options:		0x10
	Result Code:		0x6
	Ticket Encryption Type:	0xFFFFFFFF
	Session Encryption Type:	0x2D
	Pre-Authentication Type:	-
	Pre-Authentication EncryptionType:	0x2D

Certificate Information:
	Certificate Issuer Name:		
	Certificate Serial Number:	
	Certificate Thumbprint:		

Ticket information
	Response ticket hash:		-

Certificate information is only provided if a certificate was used for pre-authentication.

Pre-authentication types, ticket options, encryption types and result codes are defined in RFC 4120."
Audit Failure	3/14/2025 8:30:04 AM	Microsoft-Windows-Security-Auditing	4768	Kerberos Authentication Service	"A Kerberos authentication ticket (TGT) was requested.

Account Information:
	Account Name:		bodhirex
	Supplied Realm Name:	EMPIRE.LOCAL
	User ID:			NULL SID
	MSDS-SupportedEncryptionTypes:	-
	Available Keys:	-

Service Information:
	Service Name:		krbtgt/EMPIRE.LOCAL
	Service ID:		NULL SID
	MSDS-SupportedEncryptionTypes:	-
	Available Keys:	-

Domain Controller Information:
	MSDS-SupportedEncryptionTypes:	-
	Available Keys:	-

Network Information:
	Client Address:		172.16.100.253
	Client Port:		58824
	Advertized Etypes:	-

Additional Information:
	Ticket Options:		0x10
	Result Code:		0x6
	Ticket Encryption Type:	0xFFFFFFFF
	Session Encryption Type:	0x2D
	Pre-Authentication Type:	-
	Pre-Authentication EncryptionType:	0x2D

Certificate Information:
	Certificate Issuer Name:		
	Certificate Serial Number:	
	Certificate Thumbprint:		

Ticket information
	Response ticket hash:		-

Certificate information is only provided if a certificate was used for pre-authentication.

Pre-authentication types, ticket options, encryption types and result codes are defined in RFC 4120."
Audit Failure	3/14/2025 8:30:04 AM	Microsoft-Windows-Security-Auditing	4768	Kerberos Authentication Service	"A Kerberos authentication ticket (TGT) was requested.

Account Information:
	Account Name:		trayaluke
	Supplied Realm Name:	EMPIRE.LOCAL
	User ID:			NULL SID
	MSDS-SupportedEncryptionTypes:	-
	Available Keys:	-

Service Information:
	Service Name:		krbtgt/EMPIRE.LOCAL
	Service ID:		NULL SID
	MSDS-SupportedEncryptionTypes:	-
	Available Keys:	-

Domain Controller Information:
	MSDS-SupportedEncryptionTypes:	-
	Available Keys:	-

Network Information:
	Client Address:		172.16.100.253
	Client Port:		59448
	Advertized Etypes:	-

Additional Information:
	Ticket Options:		0x10
	Result Code:		0x6
	Ticket Encryption Type:	0xFFFFFFFF
	Session Encryption Type:	0x2D
	Pre-Authentication Type:	-
	Pre-Authentication EncryptionType:	0x2D

Certificate Information:
	Certificate Issuer Name:		
	Certificate Serial Number:	
	Certificate Thumbprint:		

Ticket information
	Response ticket hash:		-

Certificate information is only provided if a certificate was used for pre-authentication.

Pre-authentication types, ticket options, encryption types and result codes are defined in RFC 4120."
Audit Failure	3/14/2025 8:30:04 AM	Microsoft-Windows-Security-Auditing	4768	Kerberos Authentication Service	"A Kerberos authentication ticket (TGT) was requested.

Account Information:
	Account Name:		piettpadme
	Supplied Realm Name:	EMPIRE.LOCAL
	User ID:			NULL SID
	MSDS-SupportedEncryptionTypes:	-
	Available Keys:	-

Service Information:
	Service Name:		krbtgt/EMPIRE.LOCAL
	Service ID:		NULL SID
	MSDS-SupportedEncryptionTypes:	-
	Available Keys:	-

Domain Controller Information:
	MSDS-SupportedEncryptionTypes:	-
	Available Keys:	-

Network Information:
	Client Address:		172.16.100.253
	Client Port:		43358
	Advertized Etypes:	-

Additional Information:
	Ticket Options:		0x10
	Result Code:		0x6
	Ticket Encryption Type:	0xFFFFFFFF
	Session Encryption Type:	0x2D
	Pre-Authentication Type:	-
	Pre-Authentication EncryptionType:	0x2D

Certificate Information:
	Certificate Issuer Name:		
	Certificate Serial Number:	
	Certificate Thumbprint:		

Ticket information
	Response ticket hash:		-

Certificate information is only provided if a certificate was used for pre-authentication.

Pre-authentication types, ticket options, encryption types and result codes are defined in RFC 4120."
Audit Failure	3/14/2025 8:30:04 AM	Microsoft-Windows-Security-Auditing	4768	Kerberos Authentication Service	"A Kerberos authentication ticket (TGT) was requested.

Account Information:
	Account Name:		chirrut.dooku
	Supplied Realm Name:	EMPIRE.LOCAL
	User ID:			NULL SID
	MSDS-SupportedEncryptionTypes:	-
	Available Keys:	-

Service Information:
	Service Name:		krbtgt/EMPIRE.LOCAL
	Service ID:		NULL SID
	MSDS-SupportedEncryptionTypes:	-
	Available Keys:	-

Domain Controller Information:
	MSDS-SupportedEncryptionTypes:	-
	Available Keys:	-

Network Information:
	Client Address:		172.16.100.253
	Client Port:		56202
	Advertized Etypes:	-

Additional Information:
	Ticket Options:		0x10
	Result Code:		0x6
	Ticket Encryption Type:	0xFFFFFFFF
	Session Encryption Type:	0x2D
	Pre-Authentication Type:	-
	Pre-Authentication EncryptionType:	0x2D

Certificate Information:
	Certificate Issuer Name:		
	Certificate Serial Number:	
	Certificate Thumbprint:		

Ticket information
	Response ticket hash:		-

Certificate information is only provided if a certificate was used for pre-authentication.

Pre-authentication types, ticket options, encryption types and result codes are defined in RFC 4120."
Audit Failure	3/14/2025 8:30:04 AM	Microsoft-Windows-Security-Auditing	4768	Kerberos Authentication Service	"A Kerberos authentication ticket (TGT) was requested.

Account Information:
	Account Name:		rraddus
	Supplied Realm Name:	EMPIRE.LOCAL
	User ID:			NULL SID
	MSDS-SupportedEncryptionTypes:	-
	Available Keys:	-

Service Information:
	Service Name:		krbtgt/EMPIRE.LOCAL
	Service ID:		NULL SID
	MSDS-SupportedEncryptionTypes:	-
	Available Keys:	-

Domain Controller Information:
	MSDS-SupportedEncryptionTypes:	-
	Available Keys:	-

Network Information:
	Client Address:		172.16.100.253
	Client Port:		34422
	Advertized Etypes:	-

Additional Information:
	Ticket Options:		0x10
	Result Code:		0x6
	Ticket Encryption Type:	0xFFFFFFFF
	Session Encryption Type:	0x2D
	Pre-Authentication Type:	-
	Pre-Authentication EncryptionType:	0x2D

Certificate Information:
	Certificate Issuer Name:		
	Certificate Serial Number:	
	Certificate Thumbprint:		

Ticket information
	Response ticket hash:		-

Certificate information is only provided if a certificate was used for pre-authentication.

Pre-authentication types, ticket options, encryption types and result codes are defined in RFC 4120."
Audit Failure	3/14/2025 8:30:04 AM	Microsoft-Windows-Security-Auditing	4768	Kerberos Authentication Service	"A Kerberos authentication ticket (TGT) was requested.

Account Information:
	Account Name:		rex.h
	Supplied Realm Name:	EMPIRE.LOCAL
	User ID:			NULL SID
	MSDS-SupportedEncryptionTypes:	-
	Available Keys:	-

Service Information:
	Service Name:		krbtgt/EMPIRE.LOCAL
	Service ID:		NULL SID
	MSDS-SupportedEncryptionTypes:	-
	Available Keys:	-

Domain Controller Information:
	MSDS-SupportedEncryptionTypes:	-
	Available Keys:	-

Network Information:
	Client Address:		172.16.100.253
	Client Port:		53345
	Advertized Etypes:	-

Additional Information:
	Ticket Options:		0x10
	Result Code:		0x6
	Ticket Encryption Type:	0xFFFFFFFF
	Session Encryption Type:	0x2D
	Pre-Authentication Type:	-
	Pre-Authentication EncryptionType:	0x2D

Certificate Information:
	Certificate Issuer Name:		
	Certificate Serial Number:	
	Certificate Thumbprint:		

Ticket information
	Response ticket hash:		-

Certificate information is only provided if a certificate was used for pre-authentication.

Pre-authentication types, ticket options, encryption types and result codes are defined in RFC 4120."
Audit Failure	3/14/2025 8:30:04 AM	Microsoft-Windows-Security-Auditing	4768	Kerberos Authentication Service	"A Kerberos authentication ticket (TGT) was requested.

Account Information:
	Account Name:		bamidala
	Supplied Realm Name:	EMPIRE.LOCAL
	User ID:			NULL SID
	MSDS-SupportedEncryptionTypes:	-
	Available Keys:	-

Service Information:
	Service Name:		krbtgt/EMPIRE.LOCAL
	Service ID:		NULL SID
	MSDS-SupportedEncryptionTypes:	-
	Available Keys:	-

Domain Controller Information:
	MSDS-SupportedEncryptionTypes:	-
	Available Keys:	-

Network Information:
	Client Address:		172.16.100.253
	Client Port:		56824
	Advertized Etypes:	-

Additional Information:
	Ticket Options:		0x10
	Result Code:		0x6
	Ticket Encryption Type:	0xFFFFFFFF
	Session Encryption Type:	0x2D
	Pre-Authentication Type:	-
	Pre-Authentication EncryptionType:	0x2D

Certificate Information:
	Certificate Issuer Name:		
	Certificate Serial Number:	
	Certificate Thumbprint:		

Ticket information
	Response ticket hash:		-

Certificate information is only provided if a certificate was used for pre-authentication.

Pre-authentication types, ticket options, encryption types and result codes are defined in RFC 4120."
Audit Failure	3/14/2025 8:30:04 AM	Microsoft-Windows-Security-Auditing	4768	Kerberos Authentication Service	"A Kerberos authentication ticket (TGT) was requested.

Account Information:
	Account Name:		ezra.mothma
	Supplied Realm Name:	EMPIRE.LOCAL
	User ID:			NULL SID
	MSDS-SupportedEncryptionTypes:	-
	Available Keys:	-

Service Information:
	Service Name:		krbtgt/EMPIRE.LOCAL
	Service ID:		NULL SID
	MSDS-SupportedEncryptionTypes:	-
	Available Keys:	-

Domain Controller Information:
	MSDS-SupportedEncryptionTypes:	-
	Available Keys:	-

Network Information:
	Client Address:		172.16.100.253
	Client Port:		51493
	Advertized Etypes:	-

Additional Information:
	Ticket Options:		0x10
	Result Code:		0x6
	Ticket Encryption Type:	0xFFFFFFFF
	Session Encryption Type:	0x2D
	Pre-Authentication Type:	-
	Pre-Authentication EncryptionType:	0x2D

Certificate Information:
	Certificate Issuer Name:		
	Certificate Serial Number:	
	Certificate Thumbprint:		

Ticket information
	Response ticket hash:		-

Certificate information is only provided if a certificate was used for pre-authentication.

Pre-authentication types, ticket options, encryption types and result codes are defined in RFC 4120."
Audit Failure	3/14/2025 8:30:04 AM	Microsoft-Windows-Security-Auditing	4768	Kerberos Authentication Service	"A Kerberos authentication ticket (TGT) was requested.

Account Information:
	Account Name:		malbus_cody
	Supplied Realm Name:	EMPIRE.LOCAL
	User ID:			NULL SID
	MSDS-SupportedEncryptionTypes:	-
	Available Keys:	-

Service Information:
	Service Name:		krbtgt/EMPIRE.LOCAL
	Service ID:		NULL SID
	MSDS-SupportedEncryptionTypes:	-
	Available Keys:	-

Domain Controller Information:
	MSDS-SupportedEncryptionTypes:	-
	Available Keys:	-

Network Information:
	Client Address:		172.16.100.253
	Client Port:		52837
	Advertized Etypes:	-

Additional Information:
	Ticket Options:		0x10
	Result Code:		0x6
	Ticket Encryption Type:	0xFFFFFFFF
	Session Encryption Type:	0x2D
	Pre-Authentication Type:	-
	Pre-Authentication EncryptionType:	0x2D

Certificate Information:
	Certificate Issuer Name:		
	Certificate Serial Number:	
	Certificate Thumbprint:		

Ticket information
	Response ticket hash:		-

Certificate information is only provided if a certificate was used for pre-authentication.

Pre-authentication types, ticket options, encryption types and result codes are defined in RFC 4120."
Audit Failure	3/14/2025 8:30:04 AM	Microsoft-Windows-Security-Auditing	4768	Kerberos Authentication Service	"A Kerberos authentication ticket (TGT) was requested.

Account Information:
	Account Name:		porgana
	Supplied Realm Name:	EMPIRE.LOCAL
	User ID:			NULL SID
	MSDS-SupportedEncryptionTypes:	-
	Available Keys:	-

Service Information:
	Service Name:		krbtgt/EMPIRE.LOCAL
	Service ID:		NULL SID
	MSDS-SupportedEncryptionTypes:	-
	Available Keys:	-

Domain Controller Information:
	MSDS-SupportedEncryptionTypes:	-
	Available Keys:	-

Network Information:
	Client Address:		172.16.100.253
	Client Port:		33421
	Advertized Etypes:	-

Additional Information:
	Ticket Options:		0x10
	Result Code:		0x6
	Ticket Encryption Type:	0xFFFFFFFF
	Session Encryption Type:	0x2D
	Pre-Authentication Type:	-
	Pre-Authentication EncryptionType:	0x2D

Certificate Information:
	Certificate Issuer Name:		
	Certificate Serial Number:	
	Certificate Thumbprint:		

Ticket information
	Response ticket hash:		-

Certificate information is only provided if a certificate was used for pre-authentication.

Pre-authentication types, ticket options, encryption types and result codes are defined in RFC 4120."
Audit Success	3/14/2025 8:27:41 AM	Microsoft-Windows-Security-Auditing	4769	Kerberos Service Ticket Operations	"A Kerberos service ticket was requested.

Account Information:
	Account Name:		Administrator@EMPIRE.LOCAL
	Account Domain:		EMPIRE.LOCAL
	Logon GUID:		{a4fcdf34-4b89-4f74-db82-655af69f6038}
	MSDS-SupportedEncryptionTypes:	N/A
	Available Keys:	N/A

Service Information:
	Service Name:		DC01$
	Service ID:		EMPIRE\DC01$
	MSDS-SupportedEncryptionTypes:	0x1F (DES, RC4, AES128-SHA96, AES256-SHA96)
	Available Keys:	AES-SHA1, RC4

Domain Controller Information:
	MSDS-SupportedEncryptionTypes:	0x1F (DES, RC4, AES128-SHA96, AES256-SHA96)
	Available Keys:	AES-SHA1, RC4

Network Information:
	Client Address:		::1
	Client Port:		0
	Advertized Etypes:	
		AES256-CTS-HMAC-SHA1-96
		AES128-CTS-HMAC-SHA1-96
		RC4-HMAC-NT
		RC4-HMAC-NT-EXP
		RC4-HMAC-OLD-EXP

Additional Information:
	Ticket Options:		0x40810000
	Ticket Encryption Type:	0x12
	Session Encryption Type:	0x12
	Failure Code:		0x0
	Transited Services:	-

Ticket information
	Request ticket hash:		bNWmusFaf5vjpYFGV+1KfLpJ2VZJ4v1AwVnFn8WetTo=
	Response ticket hash:		5IvAqqRi8kbeIE8n9h2QA5ytq7WuKgSoTKtzLbHnVC8=

This event is generated every time access is requested to a resource such as a computer or a Windows service.  The service name indicates the resource to which access was requested.

This event can be correlated with Windows logon events by comparing the Logon GUID fields in each event.  The logon event occurs on the machine that was accessed, which is often a different machine than the domain controller which issued the service ticket.

Pre-authentication types, ticket options, encryption types and result codes are defined in RFC 4120."
Audit Success	3/14/2025 8:27:41 AM	Microsoft-Windows-Security-Auditing	4768	Kerberos Authentication Service	"A Kerberos authentication ticket (TGT) was requested.

Account Information:
	Account Name:		Administrator
	Supplied Realm Name:	empire.local
	User ID:			EMPIRE\Administrator
	MSDS-SupportedEncryptionTypes:	0x27 (DES, RC4, AES-Sk)
	Available Keys:	AES-SHA1, RC4

Service Information:
	Service Name:		krbtgt
	Service ID:		EMPIRE\krbtgt
	MSDS-SupportedEncryptionTypes:	0x1F (DES, RC4, AES128-SHA96, AES256-SHA96)
	Available Keys:	AES-SHA1, RC4

Domain Controller Information:
	MSDS-SupportedEncryptionTypes:	0x1F (DES, RC4, AES128-SHA96, AES256-SHA96)
	Available Keys:	AES-SHA1, RC4

Network Information:
	Client Address:		::1
	Client Port:		0
	Advertized Etypes:	
		AES256-CTS-HMAC-SHA1-96
		AES128-CTS-HMAC-SHA1-96
		RC4-HMAC-NT
		RC4-HMAC-NT-EXP
		RC4-HMAC-OLD-EXP
		DES-CBC-MD5

Additional Information:
	Ticket Options:		0x40810010
	Result Code:		0x0
	Ticket Encryption Type:	0x12
	Session Encryption Type:	0x12
	Pre-Authentication Type:	2
	Pre-Authentication EncryptionType:	0x12

Certificate Information:
	Certificate Issuer Name:		
	Certificate Serial Number:	
	Certificate Thumbprint:		

Ticket information
	Response ticket hash:		bNWmusFaf5vjpYFGV+1KfLpJ2VZJ4v1AwVnFn8WetTo=

Certificate information is only provided if a certificate was used for pre-authentication.

Pre-authentication types, ticket options, encryption types and result codes are defined in RFC 4120."
Audit Success	3/14/2025 8:26:50 AM	Microsoft-Windows-Security-Auditing	4769	Kerberos Service Ticket Operations	"A Kerberos service ticket was requested.

Account Information:
	Account Name:		Administrator@EMPIRE.LOCAL
	Account Domain:		EMPIRE.LOCAL
	Logon GUID:		{78f4622c-5ad9-69cd-7213-e0dafb5957ff}
	MSDS-SupportedEncryptionTypes:	N/A
	Available Keys:	N/A

Service Information:
	Service Name:		DC01$
	Service ID:		EMPIRE\DC01$
	MSDS-SupportedEncryptionTypes:	0x1F (DES, RC4, AES128-SHA96, AES256-SHA96)
	Available Keys:	AES-SHA1, RC4

Domain Controller Information:
	MSDS-SupportedEncryptionTypes:	0x1F (DES, RC4, AES128-SHA96, AES256-SHA96)
	Available Keys:	AES-SHA1, RC4

Network Information:
	Client Address:		::1
	Client Port:		0
	Advertized Etypes:	
		AES256-CTS-HMAC-SHA1-96
		AES128-CTS-HMAC-SHA1-96
		RC4-HMAC-NT
		RC4-HMAC-NT-EXP
		RC4-HMAC-OLD-EXP

Additional Information:
	Ticket Options:		0x40810000
	Ticket Encryption Type:	0x12
	Session Encryption Type:	0x12
	Failure Code:		0x0
	Transited Services:	-

Ticket information
	Request ticket hash:		qGgunzuF9W5SK3tS6+kLDY3S+0BapDc6jGQ8Z28F5o8=
	Response ticket hash:		37U4mLLqmQbAU89FVm2FU3Eg0HgecP0qf5hEGZx9bAQ=

This event is generated every time access is requested to a resource such as a computer or a Windows service.  The service name indicates the resource to which access was requested.

This event can be correlated with Windows logon events by comparing the Logon GUID fields in each event.  The logon event occurs on the machine that was accessed, which is often a different machine than the domain controller which issued the service ticket.

Pre-authentication types, ticket options, encryption types and result codes are defined in RFC 4120."
Audit Success	3/14/2025 8:26:50 AM	Microsoft-Windows-Security-Auditing	4768	Kerberos Authentication Service	"A Kerberos authentication ticket (TGT) was requested.

Account Information:
	Account Name:		Administrator
	Supplied Realm Name:	empire.local
	User ID:			EMPIRE\Administrator
	MSDS-SupportedEncryptionTypes:	0x27 (DES, RC4, AES-Sk)
	Available Keys:	AES-SHA1, RC4

Service Information:
	Service Name:		krbtgt
	Service ID:		EMPIRE\krbtgt
	MSDS-SupportedEncryptionTypes:	0x1F (DES, RC4, AES128-SHA96, AES256-SHA96)
	Available Keys:	AES-SHA1, RC4

Domain Controller Information:
	MSDS-SupportedEncryptionTypes:	0x1F (DES, RC4, AES128-SHA96, AES256-SHA96)
	Available Keys:	AES-SHA1, RC4

Network Information:
	Client Address:		::1
	Client Port:		0
	Advertized Etypes:	
		AES256-CTS-HMAC-SHA1-96
		AES128-CTS-HMAC-SHA1-96
		RC4-HMAC-NT
		RC4-HMAC-NT-EXP
		RC4-HMAC-OLD-EXP
		DES-CBC-MD5

Additional Information:
	Ticket Options:		0x40810010
	Result Code:		0x0
	Ticket Encryption Type:	0x12
	Session Encryption Type:	0x12
	Pre-Authentication Type:	2
	Pre-Authentication EncryptionType:	0x12

Certificate Information:
	Certificate Issuer Name:		
	Certificate Serial Number:	
	Certificate Thumbprint:		

Ticket information
	Response ticket hash:		qGgunzuF9W5SK3tS6+kLDY3S+0BapDc6jGQ8Z28F5o8=

Certificate information is only provided if a certificate was used for pre-authentication.

Pre-authentication types, ticket options, encryption types and result codes are defined in RFC 4120."
