Keywords	Date and Time	Source	Event ID	Task Category
Audit Success	3/14/2025 8:38:06 AM	Microsoft-Windows-Security-Auditing	4769	Kerberos Service Ticket Operations	"A Kerberos service ticket was requested.

Account Information:
	Account Name:		Administrator@EMPIRE.LOCAL
	Account Domain:		EMPIRE.LOCAL
	Logon GUID:		{f2a9d49a-a210-a705-b8bc-df870d8f9533}
	MSDS-SupportedEncryptionTypes:	N/A
	Available Keys:	N/A

Service Information:
	Service Name:		DC01$
	Service ID:		EMPIRE\DC01$
	MSDS-SupportedEncryptionTypes:	0x1F (DES, RC4, AES128-SHA96, AES256-SHA96)
	Available Keys:	AES-SHA1, RC4

Domain Controller Information:
	MSDS-SupportedEncryptionTypes:	0x1F (DES, RC4, AES128-SHA96, AES256-SHA96)
	Available Keys:	AES-SHA1, RC4

Network Information:
	Client Address:		::1
	Client Port:		0
	Advertized Etypes:	
		AES256-CTS-HMAC-SHA1-96
		AES128-CTS-HMAC-SHA1-96
		RC4-HMAC-NT
		RC4-HMAC-NT-EXP
		RC4-HMAC-OLD-EXP

Additional Information:
	Ticket Options:		0x40810000
	Ticket Encryption Type:	0x12
	Session Encryption Type:	0x12
	Failure Code:		0x0
	Transited Services:	-

Ticket information
	Request ticket hash:		r3XlRVSkDFW1nenuyOv5JZ+bZSeSI0feCma+PAOnFyg=
	Response ticket hash:		oUjGvXD7Y070IDJ7QHTCP40ENMDX52w29zrrCR95iBQ=

This event is generated every time access is requested to a resource such as a computer or a Windows service.  The service name indicates the resource to which access was requested.

This event can be correlated with Windows logon events by comparing the Logon GUID fields in each event.  The logon event occurs on the machine that was accessed, which is often a different machine than the domain controller which issued the service ticket.

Pre-authentication types, ticket options, encryption types and result codes are defined in RFC 4120."
Audit Success	3/14/2025 8:38:06 AM	Microsoft-Windows-Security-Auditing	4768	Kerberos Authentication Service	"A Kerberos authentication ticket (TGT) was requested.

Account Information:
	Account Name:		Administrator
	Supplied Realm Name:	empire.local
	User ID:			EMPIRE\Administrator
	MSDS-SupportedEncryptionTypes:	0x27 (DES, RC4, AES-Sk)
	Available Keys:	AES-SHA1, RC4

Service Information:
	Service Name:		krbtgt
	Service ID:		EMPIRE\krbtgt
	MSDS-SupportedEncryptionTypes:	0x1F (DES, RC4, AES128-SHA96, AES256-SHA96)
	Available Keys:	AES-SHA1, RC4

Domain Controller Information:
	MSDS-SupportedEncryptionTypes:	0x1F (DES, RC4, AES128-SHA96, AES256-SHA96)
	Available Keys:	AES-SHA1, RC4

Network Information:
	Client Address:		::1
	Client Port:		0
	Advertized Etypes:	
		AES256-CTS-HMAC-SHA1-96
		AES128-CTS-HMAC-SHA1-96
		RC4-HMAC-NT
		RC4-HMAC-NT-EXP
		RC4-HMAC-OLD-EXP
		DES-CBC-MD5

Additional Information:
	Ticket Options:		0x40810010
	Result Code:		0x0
	Ticket Encryption Type:	0x12
	Session Encryption Type:	0x12
	Pre-Authentication Type:	2
	Pre-Authentication EncryptionType:	0x12

Certificate Information:
	Certificate Issuer Name:		
	Certificate Serial Number:	
	Certificate Thumbprint:		

Ticket information
	Response ticket hash:		r3XlRVSkDFW1nenuyOv5JZ+bZSeSI0feCma+PAOnFyg=

Certificate information is only provided if a certificate was used for pre-authentication.

Pre-authentication types, ticket options, encryption types and result codes are defined in RFC 4120."
Audit Success	3/14/2025 8:37:54 AM	Microsoft-Windows-Security-Auditing	4769	Kerberos Service Ticket Operations	"A Kerberos service ticket was requested.

Account Information:
	Account Name:		sidious@EMPIRE.LOCAL
	Account Domain:		EMPIRE.LOCAL
	Logon GUID:		{fbc6539e-7ad4-032b-7019-36f57cc40b22}
	MSDS-SupportedEncryptionTypes:	N/A
	Available Keys:	N/A

Service Information:
	Service Name:		DC01$
	Service ID:		EMPIRE\DC01$
	MSDS-SupportedEncryptionTypes:	0x1F (DES, RC4, AES128-SHA96, AES256-SHA96)
	Available Keys:	AES-SHA1, RC4

Domain Controller Information:
	MSDS-SupportedEncryptionTypes:	0x1F (DES, RC4, AES128-SHA96, AES256-SHA96)
	Available Keys:	AES-SHA1, RC4

Network Information:
	Client Address:		::1
	Client Port:		0
	Advertized Etypes:	
		AES256-CTS-HMAC-SHA1-96
		AES128-CTS-HMAC-SHA1-96
		RC4-HMAC-NT
		RC4-HMAC-NT-EXP
		RC4-HMAC-OLD-EXP

Additional Information:
	Ticket Options:		0x40810000
	Ticket Encryption Type:	0x12
	Session Encryption Type:	0x12
	Failure Code:		0x0
	Transited Services:	-

Ticket information
	Request ticket hash:		L5PFMqE6XDdbOG9B7PvUDll6+ZHKJ9n/ujOwsTHJJYk=
	Response ticket hash:		bXZxGzTepHRxPTug7zBZNjNo5ICpXYa6V8igep0YHeg=

This event is generated every time access is requested to a resource such as a computer or a Windows service.  The service name indicates the resource to which access was requested.

This event can be correlated with Windows logon events by comparing the Logon GUID fields in each event.  The logon event occurs on the machine that was accessed, which is often a different machine than the domain controller which issued the service ticket.

Pre-authentication types, ticket options, encryption types and result codes are defined in RFC 4120."
Audit Success	3/14/2025 8:37:54 AM	Microsoft-Windows-Security-Auditing	4768	Kerberos Authentication Service	"A Kerberos authentication ticket (TGT) was requested.

Account Information:
	Account Name:		sidious
	Supplied Realm Name:	empire.local
	User ID:			EMPIRE\sidious
	MSDS-SupportedEncryptionTypes:	0x27 (DES, RC4, AES-Sk)
	Available Keys:	AES-SHA1, RC4

Service Information:
	Service Name:		krbtgt
	Service ID:		EMPIRE\krbtgt
	MSDS-SupportedEncryptionTypes:	0x1F (DES, RC4, AES128-SHA96, AES256-SHA96)
	Available Keys:	AES-SHA1, RC4

Domain Controller Information:
	MSDS-SupportedEncryptionTypes:	0x1F (DES, RC4, AES128-SHA96, AES256-SHA96)
	Available Keys:	AES-SHA1, RC4

Network Information:
	Client Address:		::1
	Client Port:		0
	Advertized Etypes:	
		AES256-CTS-HMAC-SHA1-96
		AES128-CTS-HMAC-SHA1-96
		RC4-HMAC-NT
		RC4-HMAC-NT-EXP
		RC4-HMAC-OLD-EXP
		DES-CBC-MD5

Additional Information:
	Ticket Options:		0x40810010
	Result Code:		0x0
	Ticket Encryption Type:	0x12
	Session Encryption Type:	0x12
	Pre-Authentication Type:	2
	Pre-Authentication EncryptionType:	0x12

Certificate Information:
	Certificate Issuer Name:		
	Certificate Serial Number:	
	Certificate Thumbprint:		

Ticket information
	Response ticket hash:		L5PFMqE6XDdbOG9B7PvUDll6+ZHKJ9n/ujOwsTHJJYk=

Certificate information is only provided if a certificate was used for pre-authentication.

Pre-authentication types, ticket options, encryption types and result codes are defined in RFC 4120."
Audit Success	3/14/2025 8:35:45 AM	Microsoft-Windows-Security-Auditing	4769	Kerberos Service Ticket Operations	"A Kerberos service ticket was requested.

Account Information:
	Account Name:		sidious@EMPIRE.LOCAL
	Account Domain:		EMPIRE.LOCAL
	Logon GUID:		{1b821322-e3e9-b1d4-20c9-26e5588e98b6}
	MSDS-SupportedEncryptionTypes:	N/A
	Available Keys:	N/A

Service Information:
	Service Name:		DC01$
	Service ID:		EMPIRE\DC01$
	MSDS-SupportedEncryptionTypes:	0x1F (DES, RC4, AES128-SHA96, AES256-SHA96)
	Available Keys:	AES-SHA1, RC4

Domain Controller Information:
	MSDS-SupportedEncryptionTypes:	0x1F (DES, RC4, AES128-SHA96, AES256-SHA96)
	Available Keys:	AES-SHA1, RC4

Network Information:
	Client Address:		::1
	Client Port:		0
	Advertized Etypes:	
		AES256-CTS-HMAC-SHA1-96
		AES128-CTS-HMAC-SHA1-96
		RC4-HMAC-NT
		RC4-HMAC-NT-EXP
		RC4-HMAC-OLD-EXP

Additional Information:
	Ticket Options:		0x40810000
	Ticket Encryption Type:	0x12
	Session Encryption Type:	0x12
	Failure Code:		0x0
	Transited Services:	-

Ticket information
	Request ticket hash:		zJyfhTUrmbMRC3/xxGQ0RY4/sQrYfF0+krSctTX0NyY=
	Response ticket hash:		Af/19RvMTXjOsPuQxlnD4+D7zpg/wCUM/48O4LNzFTk=

This event is generated every time access is requested to a resource such as a computer or a Windows service.  The service name indicates the resource to which access was requested.

This event can be correlated with Windows logon events by comparing the Logon GUID fields in each event.  The logon event occurs on the machine that was accessed, which is often a different machine than the domain controller which issued the service ticket.

Pre-authentication types, ticket options, encryption types and result codes are defined in RFC 4120."
Audit Success	3/14/2025 8:35:45 AM	Microsoft-Windows-Security-Auditing	4768	Kerberos Authentication Service	"A Kerberos authentication ticket (TGT) was requested.

Account Information:
	Account Name:		sidious
	Supplied Realm Name:	empire.local
	User ID:			EMPIRE\sidious
	MSDS-SupportedEncryptionTypes:	0x27 (DES, RC4, AES-Sk)
	Available Keys:	AES-SHA1, RC4

Service Information:
	Service Name:		krbtgt
	Service ID:		EMPIRE\krbtgt
	MSDS-SupportedEncryptionTypes:	0x1F (DES, RC4, AES128-SHA96, AES256-SHA96)
	Available Keys:	AES-SHA1, RC4

Domain Controller Information:
	MSDS-SupportedEncryptionTypes:	0x1F (DES, RC4, AES128-SHA96, AES256-SHA96)
	Available Keys:	AES-SHA1, RC4

Network Information:
	Client Address:		::1
	Client Port:		0
	Advertized Etypes:	
		AES256-CTS-HMAC-SHA1-96
		AES128-CTS-HMAC-SHA1-96
		RC4-HMAC-NT
		RC4-HMAC-NT-EXP
		RC4-HMAC-OLD-EXP
		DES-CBC-MD5

Additional Information:
	Ticket Options:		0x40810010
	Result Code:		0x0
	Ticket Encryption Type:	0x12
	Session Encryption Type:	0x12
	Pre-Authentication Type:	2
	Pre-Authentication EncryptionType:	0x12

Certificate Information:
	Certificate Issuer Name:		
	Certificate Serial Number:	
	Certificate Thumbprint:		

Ticket information
	Response ticket hash:		zJyfhTUrmbMRC3/xxGQ0RY4/sQrYfF0+krSctTX0NyY=

Certificate information is only provided if a certificate was used for pre-authentication.

Pre-authentication types, ticket options, encryption types and result codes are defined in RFC 4120."
Audit Success	3/14/2025 8:35:20 AM	Microsoft-Windows-Security-Auditing	4769	Kerberos Service Ticket Operations	"A Kerberos service ticket was requested.

Account Information:
	Account Name:		Administrator@EMPIRE.LOCAL
	Account Domain:		EMPIRE.LOCAL
	Logon GUID:		{6b9b061d-2546-1f74-3777-3193bf816f3b}
	MSDS-SupportedEncryptionTypes:	N/A
	Available Keys:	N/A

Service Information:
	Service Name:		DC01$
	Service ID:		EMPIRE\DC01$
	MSDS-SupportedEncryptionTypes:	0x1F (DES, RC4, AES128-SHA96, AES256-SHA96)
	Available Keys:	AES-SHA1, RC4

Domain Controller Information:
	MSDS-SupportedEncryptionTypes:	0x1F (DES, RC4, AES128-SHA96, AES256-SHA96)
	Available Keys:	AES-SHA1, RC4

Network Information:
	Client Address:		::1
	Client Port:		0
	Advertized Etypes:	
		AES256-CTS-HMAC-SHA1-96
		AES128-CTS-HMAC-SHA1-96
		RC4-HMAC-NT
		RC4-HMAC-NT-EXP
		RC4-HMAC-OLD-EXP

Additional Information:
	Ticket Options:		0x40810000
	Ticket Encryption Type:	0x12
	Session Encryption Type:	0x12
	Failure Code:		0x0
	Transited Services:	-

Ticket information
	Request ticket hash:		49i3QHbe2VIiIcb9Bmmm3qwM0kiG/FW/9ZXR48xVFC8=
	Response ticket hash:		PoLTORzL2lL79AoliVi8DqPyCfS0szPUEl4F8QuE3zc=

This event is generated every time access is requested to a resource such as a computer or a Windows service.  The service name indicates the resource to which access was requested.

This event can be correlated with Windows logon events by comparing the Logon GUID fields in each event.  The logon event occurs on the machine that was accessed, which is often a different machine than the domain controller which issued the service ticket.

Pre-authentication types, ticket options, encryption types and result codes are defined in RFC 4120."
Audit Success	3/14/2025 8:35:20 AM	Microsoft-Windows-Security-Auditing	4768	Kerberos Authentication Service	"A Kerberos authentication ticket (TGT) was requested.

Account Information:
	Account Name:		Administrator
	Supplied Realm Name:	empire.local
	User ID:			EMPIRE\Administrator
	MSDS-SupportedEncryptionTypes:	0x27 (DES, RC4, AES-Sk)
	Available Keys:	AES-SHA1, RC4

Service Information:
	Service Name:		krbtgt
	Service ID:		EMPIRE\krbtgt
	MSDS-SupportedEncryptionTypes:	0x1F (DES, RC4, AES128-SHA96, AES256-SHA96)
	Available Keys:	AES-SHA1, RC4

Domain Controller Information:
	MSDS-SupportedEncryptionTypes:	0x1F (DES, RC4, AES128-SHA96, AES256-SHA96)
	Available Keys:	AES-SHA1, RC4

Network Information:
	Client Address:		::1
	Client Port:		0
	Advertized Etypes:	
		AES256-CTS-HMAC-SHA1-96
		AES128-CTS-HMAC-SHA1-96
		RC4-HMAC-NT
		RC4-HMAC-NT-EXP
		RC4-HMAC-OLD-EXP
		DES-CBC-MD5

Additional Information:
	Ticket Options:		0x40810010
	Result Code:		0x0
	Ticket Encryption Type:	0x12
	Session Encryption Type:	0x12
	Pre-Authentication Type:	2
	Pre-Authentication EncryptionType:	0x12

Certificate Information:
	Certificate Issuer Name:		
	Certificate Serial Number:	
	Certificate Thumbprint:		

Ticket information
	Response ticket hash:		49i3QHbe2VIiIcb9Bmmm3qwM0kiG/FW/9ZXR48xVFC8=

Certificate information is only provided if a certificate was used for pre-authentication.

Pre-authentication types, ticket options, encryption types and result codes are defined in RFC 4120."
Audit Success	3/14/2025 8:35:01 AM	Microsoft-Windows-Security-Auditing	4769	Kerberos Service Ticket Operations	"A Kerberos service ticket was requested.

Account Information:
	Account Name:		sidious@EMPIRE.LOCAL
	Account Domain:		EMPIRE.LOCAL
	Logon GUID:		{44970dc4-b443-6635-065b-d6001cd42969}
	MSDS-SupportedEncryptionTypes:	N/A
	Available Keys:	N/A

Service Information:
	Service Name:		DC01$
	Service ID:		EMPIRE\DC01$
	MSDS-SupportedEncryptionTypes:	0x1F (DES, RC4, AES128-SHA96, AES256-SHA96)
	Available Keys:	AES-SHA1, RC4

Domain Controller Information:
	MSDS-SupportedEncryptionTypes:	0x1F (DES, RC4, AES128-SHA96, AES256-SHA96)
	Available Keys:	AES-SHA1, RC4

Network Information:
	Client Address:		::1
	Client Port:		0
	Advertized Etypes:	
		AES256-CTS-HMAC-SHA1-96
		AES128-CTS-HMAC-SHA1-96
		RC4-HMAC-NT
		RC4-HMAC-NT-EXP
		RC4-HMAC-OLD-EXP

Additional Information:
	Ticket Options:		0x40810000
	Ticket Encryption Type:	0x12
	Session Encryption Type:	0x12
	Failure Code:		0x0
	Transited Services:	-

Ticket information
	Request ticket hash:		F2FnqUqmQrcTrXFIlSlhEAtJ1/tsX3qMuPRk3P0JUZc=
	Response ticket hash:		BDTHSeUCCZT36uqCXQQFyDFh8dSDC6xjIXXViVU4ulg=

This event is generated every time access is requested to a resource such as a computer or a Windows service.  The service name indicates the resource to which access was requested.

This event can be correlated with Windows logon events by comparing the Logon GUID fields in each event.  The logon event occurs on the machine that was accessed, which is often a different machine than the domain controller which issued the service ticket.

Pre-authentication types, ticket options, encryption types and result codes are defined in RFC 4120."
Audit Success	3/14/2025 8:35:01 AM	Microsoft-Windows-Security-Auditing	4768	Kerberos Authentication Service	"A Kerberos authentication ticket (TGT) was requested.

Account Information:
	Account Name:		sidious
	Supplied Realm Name:	empire.local
	User ID:			EMPIRE\sidious
	MSDS-SupportedEncryptionTypes:	0x27 (DES, RC4, AES-Sk)
	Available Keys:	AES-SHA1, RC4

Service Information:
	Service Name:		krbtgt
	Service ID:		EMPIRE\krbtgt
	MSDS-SupportedEncryptionTypes:	0x1F (DES, RC4, AES128-SHA96, AES256-SHA96)
	Available Keys:	AES-SHA1, RC4

Domain Controller Information:
	MSDS-SupportedEncryptionTypes:	0x1F (DES, RC4, AES128-SHA96, AES256-SHA96)
	Available Keys:	AES-SHA1, RC4

Network Information:
	Client Address:		::1
	Client Port:		0
	Advertized Etypes:	
		AES256-CTS-HMAC-SHA1-96
		AES128-CTS-HMAC-SHA1-96
		RC4-HMAC-NT
		RC4-HMAC-NT-EXP
		RC4-HMAC-OLD-EXP
		DES-CBC-MD5

Additional Information:
	Ticket Options:		0x40810010
	Result Code:		0x0
	Ticket Encryption Type:	0x12
	Session Encryption Type:	0x12
	Pre-Authentication Type:	2
	Pre-Authentication EncryptionType:	0x12

Certificate Information:
	Certificate Issuer Name:		
	Certificate Serial Number:	
	Certificate Thumbprint:		

Ticket information
	Response ticket hash:		F2FnqUqmQrcTrXFIlSlhEAtJ1/tsX3qMuPRk3P0JUZc=

Certificate information is only provided if a certificate was used for pre-authentication.

Pre-authentication types, ticket options, encryption types and result codes are defined in RFC 4120."
Audit Success	3/14/2025 8:34:38 AM	Microsoft-Windows-Security-Auditing	4769	Kerberos Service Ticket Operations	"A Kerberos service ticket was requested.

Account Information:
	Account Name:		Administrator@EMPIRE.LOCAL
	Account Domain:		EMPIRE.LOCAL
	Logon GUID:		{b04b462b-57d1-f8ea-c16a-2a602ebc4c3e}
	MSDS-SupportedEncryptionTypes:	N/A
	Available Keys:	N/A

Service Information:
	Service Name:		DC01$
	Service ID:		EMPIRE\DC01$
	MSDS-SupportedEncryptionTypes:	0x1F (DES, RC4, AES128-SHA96, AES256-SHA96)
	Available Keys:	AES-SHA1, RC4

Domain Controller Information:
	MSDS-SupportedEncryptionTypes:	0x1F (DES, RC4, AES128-SHA96, AES256-SHA96)
	Available Keys:	AES-SHA1, RC4

Network Information:
	Client Address:		::1
	Client Port:		0
	Advertized Etypes:	
		AES256-CTS-HMAC-SHA1-96
		AES128-CTS-HMAC-SHA1-96
		RC4-HMAC-NT
		RC4-HMAC-NT-EXP
		RC4-HMAC-OLD-EXP

Additional Information:
	Ticket Options:		0x40810000
	Ticket Encryption Type:	0x12
	Session Encryption Type:	0x12
	Failure Code:		0x0
	Transited Services:	-

Ticket information
	Request ticket hash:		s2tITizGQnhBcDMBu9B32JLcCAGAldPxBDFNXtuuhms=
	Response ticket hash:		4BO95qqqgow0V5fM5n/Zkrd/rC38gAzwC2GXJ+3J+E8=

This event is generated every time access is requested to a resource such as a computer or a Windows service.  The service name indicates the resource to which access was requested.

This event can be correlated with Windows logon events by comparing the Logon GUID fields in each event.  The logon event occurs on the machine that was accessed, which is often a different machine than the domain controller which issued the service ticket.

Pre-authentication types, ticket options, encryption types and result codes are defined in RFC 4120."
Audit Success	3/14/2025 8:34:38 AM	Microsoft-Windows-Security-Auditing	4768	Kerberos Authentication Service	"A Kerberos authentication ticket (TGT) was requested.

Account Information:
	Account Name:		Administrator
	Supplied Realm Name:	empire.local
	User ID:			EMPIRE\Administrator
	MSDS-SupportedEncryptionTypes:	0x27 (DES, RC4, AES-Sk)
	Available Keys:	AES-SHA1, RC4

Service Information:
	Service Name:		krbtgt
	Service ID:		EMPIRE\krbtgt
	MSDS-SupportedEncryptionTypes:	0x1F (DES, RC4, AES128-SHA96, AES256-SHA96)
	Available Keys:	AES-SHA1, RC4

Domain Controller Information:
	MSDS-SupportedEncryptionTypes:	0x1F (DES, RC4, AES128-SHA96, AES256-SHA96)
	Available Keys:	AES-SHA1, RC4

Network Information:
	Client Address:		::1
	Client Port:		0
	Advertized Etypes:	
		AES256-CTS-HMAC-SHA1-96
		AES128-CTS-HMAC-SHA1-96
		RC4-HMAC-NT
		RC4-HMAC-NT-EXP
		RC4-HMAC-OLD-EXP
		DES-CBC-MD5

Additional Information:
	Ticket Options:		0x40810010
	Result Code:		0x0
	Ticket Encryption Type:	0x12
	Session Encryption Type:	0x12
	Pre-Authentication Type:	2
	Pre-Authentication EncryptionType:	0x12

Certificate Information:
	Certificate Issuer Name:		
	Certificate Serial Number:	
	Certificate Thumbprint:		

Ticket information
	Response ticket hash:		s2tITizGQnhBcDMBu9B32JLcCAGAldPxBDFNXtuuhms=

Certificate information is only provided if a certificate was used for pre-authentication.

Pre-authentication types, ticket options, encryption types and result codes are defined in RFC 4120."
Audit Success	3/14/2025 8:33:59 AM	Microsoft-Windows-Security-Auditing	4769	Kerberos Service Ticket Operations	"A Kerberos service ticket was requested.

Account Information:
	Account Name:		sidious@EMPIRE.LOCAL
	Account Domain:		EMPIRE.LOCAL
	Logon GUID:		{094c1748-9017-2e8a-ffb7-34fa70903ad4}
	MSDS-SupportedEncryptionTypes:	N/A
	Available Keys:	N/A

Service Information:
	Service Name:		DC01$
	Service ID:		EMPIRE\DC01$
	MSDS-SupportedEncryptionTypes:	0x1F (DES, RC4, AES128-SHA96, AES256-SHA96)
	Available Keys:	AES-SHA1, RC4

Domain Controller Information:
	MSDS-SupportedEncryptionTypes:	0x1F (DES, RC4, AES128-SHA96, AES256-SHA96)
	Available Keys:	AES-SHA1, RC4

Network Information:
	Client Address:		::1
	Client Port:		0
	Advertized Etypes:	
		AES256-CTS-HMAC-SHA1-96
		AES128-CTS-HMAC-SHA1-96
		RC4-HMAC-NT
		RC4-HMAC-NT-EXP
		RC4-HMAC-OLD-EXP

Additional Information:
	Ticket Options:		0x40810000
	Ticket Encryption Type:	0x12
	Session Encryption Type:	0x12
	Failure Code:		0x0
	Transited Services:	-

Ticket information
	Request ticket hash:		HGRF+iFOtj+WfcgPXo/zQ1fxpSP3P7v02NSZEXZ3rtA=
	Response ticket hash:		Z0Ty2QCZamO9RJO8CKMXIZ59RVb13QxqCS7+sugFw9E=

This event is generated every time access is requested to a resource such as a computer or a Windows service.  The service name indicates the resource to which access was requested.

This event can be correlated with Windows logon events by comparing the Logon GUID fields in each event.  The logon event occurs on the machine that was accessed, which is often a different machine than the domain controller which issued the service ticket.

Pre-authentication types, ticket options, encryption types and result codes are defined in RFC 4120."
Audit Success	3/14/2025 8:33:59 AM	Microsoft-Windows-Security-Auditing	4768	Kerberos Authentication Service	"A Kerberos authentication ticket (TGT) was requested.

Account Information:
	Account Name:		sidious
	Supplied Realm Name:	empire.local
	User ID:			EMPIRE\sidious
	MSDS-SupportedEncryptionTypes:	0x27 (DES, RC4, AES-Sk)
	Available Keys:	AES-SHA1, RC4

Service Information:
	Service Name:		krbtgt
	Service ID:		EMPIRE\krbtgt
	MSDS-SupportedEncryptionTypes:	0x1F (DES, RC4, AES128-SHA96, AES256-SHA96)
	Available Keys:	AES-SHA1, RC4

Domain Controller Information:
	MSDS-SupportedEncryptionTypes:	0x1F (DES, RC4, AES128-SHA96, AES256-SHA96)
	Available Keys:	AES-SHA1, RC4

Network Information:
	Client Address:		::1
	Client Port:		0
	Advertized Etypes:	
		AES256-CTS-HMAC-SHA1-96
		AES128-CTS-HMAC-SHA1-96
		RC4-HMAC-NT
		RC4-HMAC-NT-EXP
		RC4-HMAC-OLD-EXP
		DES-CBC-MD5

Additional Information:
	Ticket Options:		0x40810010
	Result Code:		0x0
	Ticket Encryption Type:	0x12
	Session Encryption Type:	0x12
	Pre-Authentication Type:	2
	Pre-Authentication EncryptionType:	0x12

Certificate Information:
	Certificate Issuer Name:		
	Certificate Serial Number:	
	Certificate Thumbprint:		

Ticket information
	Response ticket hash:		HGRF+iFOtj+WfcgPXo/zQ1fxpSP3P7v02NSZEXZ3rtA=

Certificate information is only provided if a certificate was used for pre-authentication.

Pre-authentication types, ticket options, encryption types and result codes are defined in RFC 4120."
Audit Success	3/14/2025 8:33:06 AM	Microsoft-Windows-Security-Auditing	4769	Kerberos Service Ticket Operations	"A Kerberos service ticket was requested.

Account Information:
	Account Name:		Administrator@EMPIRE.LOCAL
	Account Domain:		EMPIRE.LOCAL
	Logon GUID:		{1b7d85f3-30bc-858c-a79a-32257a8a649c}
	MSDS-SupportedEncryptionTypes:	N/A
	Available Keys:	N/A

Service Information:
	Service Name:		DC01$
	Service ID:		EMPIRE\DC01$
	MSDS-SupportedEncryptionTypes:	0x1F (DES, RC4, AES128-SHA96, AES256-SHA96)
	Available Keys:	AES-SHA1, RC4

Domain Controller Information:
	MSDS-SupportedEncryptionTypes:	0x1F (DES, RC4, AES128-SHA96, AES256-SHA96)
	Available Keys:	AES-SHA1, RC4

Network Information:
	Client Address:		::1
	Client Port:		0
	Advertized Etypes:	
		AES256-CTS-HMAC-SHA1-96
		AES128-CTS-HMAC-SHA1-96
		RC4-HMAC-NT
		RC4-HMAC-NT-EXP
		RC4-HMAC-OLD-EXP

Additional Information:
	Ticket Options:		0x40810000
	Ticket Encryption Type:	0x12
	Session Encryption Type:	0x12
	Failure Code:		0x0
	Transited Services:	-

Ticket information
	Request ticket hash:		2Zd/84MjntYHhGnKvc7YUdBnjNUohlu32uIvWZvPVeU=
	Response ticket hash:		+d/MUws/7620ecF2Z4zYHGrOfGkSYVH9JvxrGQmUEmc=

This event is generated every time access is requested to a resource such as a computer or a Windows service.  The service name indicates the resource to which access was requested.

This event can be correlated with Windows logon events by comparing the Logon GUID fields in each event.  The logon event occurs on the machine that was accessed, which is often a different machine than the domain controller which issued the service ticket.

Pre-authentication types, ticket options, encryption types and result codes are defined in RFC 4120."
Audit Success	3/14/2025 8:33:06 AM	Microsoft-Windows-Security-Auditing	4768	Kerberos Authentication Service	"A Kerberos authentication ticket (TGT) was requested.

Account Information:
	Account Name:		Administrator
	Supplied Realm Name:	empire.local
	User ID:			EMPIRE\Administrator
	MSDS-SupportedEncryptionTypes:	0x27 (DES, RC4, AES-Sk)
	Available Keys:	AES-SHA1, RC4

Service Information:
	Service Name:		krbtgt
	Service ID:		EMPIRE\krbtgt
	MSDS-SupportedEncryptionTypes:	0x1F (DES, RC4, AES128-SHA96, AES256-SHA96)
	Available Keys:	AES-SHA1, RC4

Domain Controller Information:
	MSDS-SupportedEncryptionTypes:	0x1F (DES, RC4, AES128-SHA96, AES256-SHA96)
	Available Keys:	AES-SHA1, RC4

Network Information:
	Client Address:		::1
	Client Port:		0
	Advertized Etypes:	
		AES256-CTS-HMAC-SHA1-96
		AES128-CTS-HMAC-SHA1-96
		RC4-HMAC-NT
		RC4-HMAC-NT-EXP
		RC4-HMAC-OLD-EXP
		DES-CBC-MD5

Additional Information:
	Ticket Options:		0x40810010
	Result Code:		0x0
	Ticket Encryption Type:	0x12
	Session Encryption Type:	0x12
	Pre-Authentication Type:	2
	Pre-Authentication EncryptionType:	0x12

Certificate Information:
	Certificate Issuer Name:		
	Certificate Serial Number:	
	Certificate Thumbprint:		

Ticket information
	Response ticket hash:		2Zd/84MjntYHhGnKvc7YUdBnjNUohlu32uIvWZvPVeU=

Certificate information is only provided if a certificate was used for pre-authentication.

Pre-authentication types, ticket options, encryption types and result codes are defined in RFC 4120."
Audit Success	3/14/2025 8:32:57 AM	Microsoft-Windows-Security-Auditing	4769	Kerberos Service Ticket Operations	"A Kerberos service ticket was requested.

Account Information:
	Account Name:		sidious@EMPIRE.LOCAL
	Account Domain:		EMPIRE.LOCAL
	Logon GUID:		{266acd57-a244-3c92-0be5-5d50e728438c}
	MSDS-SupportedEncryptionTypes:	N/A
	Available Keys:	N/A

Service Information:
	Service Name:		DC01$
	Service ID:		EMPIRE\DC01$
	MSDS-SupportedEncryptionTypes:	0x1F (DES, RC4, AES128-SHA96, AES256-SHA96)
	Available Keys:	AES-SHA1, RC4

Domain Controller Information:
	MSDS-SupportedEncryptionTypes:	0x1F (DES, RC4, AES128-SHA96, AES256-SHA96)
	Available Keys:	AES-SHA1, RC4

Network Information:
	Client Address:		::1
	Client Port:		0
	Advertized Etypes:	
		AES256-CTS-HMAC-SHA1-96
		AES128-CTS-HMAC-SHA1-96
		RC4-HMAC-NT
		RC4-HMAC-NT-EXP
		RC4-HMAC-OLD-EXP

Additional Information:
	Ticket Options:		0x40810000
	Ticket Encryption Type:	0x12
	Session Encryption Type:	0x12
	Failure Code:		0x0
	Transited Services:	-

Ticket information
	Request ticket hash:		71MBDChZWnr5zuuvhxZGyVfEF1PsgI6pjTWDPedXCXk=
	Response ticket hash:		MMCab03taCm+zWo5UgwDO9j5o9UWH1JUfhDyjpahlBo=

This event is generated every time access is requested to a resource such as a computer or a Windows service.  The service name indicates the resource to which access was requested.

This event can be correlated with Windows logon events by comparing the Logon GUID fields in each event.  The logon event occurs on the machine that was accessed, which is often a different machine than the domain controller which issued the service ticket.

Pre-authentication types, ticket options, encryption types and result codes are defined in RFC 4120."
Audit Success	3/14/2025 8:32:57 AM	Microsoft-Windows-Security-Auditing	4768	Kerberos Authentication Service	"A Kerberos authentication ticket (TGT) was requested.

Account Information:
	Account Name:		sidious
	Supplied Realm Name:	empire.local
	User ID:			EMPIRE\sidious
	MSDS-SupportedEncryptionTypes:	0x27 (DES, RC4, AES-Sk)
	Available Keys:	AES-SHA1, RC4

Service Information:
	Service Name:		krbtgt
	Service ID:		EMPIRE\krbtgt
	MSDS-SupportedEncryptionTypes:	0x1F (DES, RC4, AES128-SHA96, AES256-SHA96)
	Available Keys:	AES-SHA1, RC4

Domain Controller Information:
	MSDS-SupportedEncryptionTypes:	0x1F (DES, RC4, AES128-SHA96, AES256-SHA96)
	Available Keys:	AES-SHA1, RC4

Network Information:
	Client Address:		::1
	Client Port:		0
	Advertized Etypes:	
		AES256-CTS-HMAC-SHA1-96
		AES128-CTS-HMAC-SHA1-96
		RC4-HMAC-NT
		RC4-HMAC-NT-EXP
		RC4-HMAC-OLD-EXP
		DES-CBC-MD5

Additional Information:
	Ticket Options:		0x40810010
	Result Code:		0x0
	Ticket Encryption Type:	0x12
	Session Encryption Type:	0x12
	Pre-Authentication Type:	2
	Pre-Authentication EncryptionType:	0x12

Certificate Information:
	Certificate Issuer Name:		
	Certificate Serial Number:	
	Certificate Thumbprint:		

Ticket information
	Response ticket hash:		71MBDChZWnr5zuuvhxZGyVfEF1PsgI6pjTWDPedXCXk=

Certificate information is only provided if a certificate was used for pre-authentication.

Pre-authentication types, ticket options, encryption types and result codes are defined in RFC 4120."
Audit Success	3/14/2025 8:31:21 AM	Microsoft-Windows-Security-Auditing	4769	Kerberos Service Ticket Operations	"A Kerberos service ticket was requested.

Account Information:
	Account Name:		Administrator@EMPIRE.LOCAL
	Account Domain:		EMPIRE.LOCAL
	Logon GUID:		{a86537ae-3746-2e41-34c7-a0326d4fb681}
	MSDS-SupportedEncryptionTypes:	N/A
	Available Keys:	N/A

Service Information:
	Service Name:		DC01$
	Service ID:		EMPIRE\DC01$
	MSDS-SupportedEncryptionTypes:	0x1F (DES, RC4, AES128-SHA96, AES256-SHA96)
	Available Keys:	AES-SHA1, RC4

Domain Controller Information:
	MSDS-SupportedEncryptionTypes:	0x1F (DES, RC4, AES128-SHA96, AES256-SHA96)
	Available Keys:	AES-SHA1, RC4

Network Information:
	Client Address:		::1
	Client Port:		0
	Advertized Etypes:	
		AES256-CTS-HMAC-SHA1-96
		AES128-CTS-HMAC-SHA1-96
		RC4-HMAC-NT
		RC4-HMAC-NT-EXP
		RC4-HMAC-OLD-EXP

Additional Information:
	Ticket Options:		0x40810000
	Ticket Encryption Type:	0x12
	Session Encryption Type:	0x12
	Failure Code:		0x0
	Transited Services:	-

Ticket information
	Request ticket hash:		LR4UPsTI86ncSRX/zBxtdG5qrMxlZfgpBLOv46OYe3k=
	Response ticket hash:		JX+04zlBRu0B5EmBEDYg7pLgk4qc0CW7pQptdnt9Pt0=

This event is generated every time access is requested to a resource such as a computer or a Windows service.  The service name indicates the resource to which access was requested.

This event can be correlated with Windows logon events by comparing the Logon GUID fields in each event.  The logon event occurs on the machine that was accessed, which is often a different machine than the domain controller which issued the service ticket.

Pre-authentication types, ticket options, encryption types and result codes are defined in RFC 4120."
Audit Success	3/14/2025 8:31:21 AM	Microsoft-Windows-Security-Auditing	4768	Kerberos Authentication Service	"A Kerberos authentication ticket (TGT) was requested.

Account Information:
	Account Name:		Administrator
	Supplied Realm Name:	empire.local
	User ID:			EMPIRE\Administrator
	MSDS-SupportedEncryptionTypes:	0x27 (DES, RC4, AES-Sk)
	Available Keys:	AES-SHA1, RC4

Service Information:
	Service Name:		krbtgt
	Service ID:		EMPIRE\krbtgt
	MSDS-SupportedEncryptionTypes:	0x1F (DES, RC4, AES128-SHA96, AES256-SHA96)
	Available Keys:	AES-SHA1, RC4

Domain Controller Information:
	MSDS-SupportedEncryptionTypes:	0x1F (DES, RC4, AES128-SHA96, AES256-SHA96)
	Available Keys:	AES-SHA1, RC4

Network Information:
	Client Address:		::1
	Client Port:		0
	Advertized Etypes:	
		AES256-CTS-HMAC-SHA1-96
		AES128-CTS-HMAC-SHA1-96
		RC4-HMAC-NT
		RC4-HMAC-NT-EXP
		RC4-HMAC-OLD-EXP
		DES-CBC-MD5

Additional Information:
	Ticket Options:		0x40810010
	Result Code:		0x0
	Ticket Encryption Type:	0x12
	Session Encryption Type:	0x12
	Pre-Authentication Type:	2
	Pre-Authentication EncryptionType:	0x12

Certificate Information:
	Certificate Issuer Name:		
	Certificate Serial Number:	
	Certificate Thumbprint:		

Ticket information
	Response ticket hash:		LR4UPsTI86ncSRX/zBxtdG5qrMxlZfgpBLOv46OYe3k=

Certificate information is only provided if a certificate was used for pre-authentication.

Pre-authentication types, ticket options, encryption types and result codes are defined in RFC 4120."
Audit Success	3/14/2025 8:31:00 AM	Microsoft-Windows-Security-Auditing	4769	Kerberos Service Ticket Operations	"A Kerberos service ticket was requested.

Account Information:
	Account Name:		Administrator@EMPIRE.LOCAL
	Account Domain:		EMPIRE.LOCAL
	Logon GUID:		{07898d23-a99d-ccc4-194b-583dcbcd6ea6}
	MSDS-SupportedEncryptionTypes:	N/A
	Available Keys:	N/A

Service Information:
	Service Name:		DC01$
	Service ID:		EMPIRE\DC01$
	MSDS-SupportedEncryptionTypes:	0x1F (DES, RC4, AES128-SHA96, AES256-SHA96)
	Available Keys:	AES-SHA1, RC4

Domain Controller Information:
	MSDS-SupportedEncryptionTypes:	0x1F (DES, RC4, AES128-SHA96, AES256-SHA96)
	Available Keys:	AES-SHA1, RC4

Network Information:
	Client Address:		::1
	Client Port:		0
	Advertized Etypes:	
		AES256-CTS-HMAC-SHA1-96
		AES128-CTS-HMAC-SHA1-96
		RC4-HMAC-NT
		RC4-HMAC-NT-EXP
		RC4-HMAC-OLD-EXP

Additional Information:
	Ticket Options:		0x40810000
	Ticket Encryption Type:	0x12
	Session Encryption Type:	0x12
	Failure Code:		0x0
	Transited Services:	-

Ticket information
	Request ticket hash:		aNuNO8Z3dCGYcb9I9GnBqQGk5purYYYqj5N1QPaNXp0=
	Response ticket hash:		cS3mLNrDhvHrnnhgSgQZFNwmb5V9bJK3XJDHzzNSnC4=

This event is generated every time access is requested to a resource such as a computer or a Windows service.  The service name indicates the resource to which access was requested.

This event can be correlated with Windows logon events by comparing the Logon GUID fields in each event.  The logon event occurs on the machine that was accessed, which is often a different machine than the domain controller which issued the service ticket.

Pre-authentication types, ticket options, encryption types and result codes are defined in RFC 4120."
Audit Success	3/14/2025 8:31:00 AM	Microsoft-Windows-Security-Auditing	4768	Kerberos Authentication Service	"A Kerberos authentication ticket (TGT) was requested.

Account Information:
	Account Name:		Administrator
	Supplied Realm Name:	empire.local
	User ID:			EMPIRE\Administrator
	MSDS-SupportedEncryptionTypes:	0x27 (DES, RC4, AES-Sk)
	Available Keys:	AES-SHA1, RC4

Service Information:
	Service Name:		krbtgt
	Service ID:		EMPIRE\krbtgt
	MSDS-SupportedEncryptionTypes:	0x1F (DES, RC4, AES128-SHA96, AES256-SHA96)
	Available Keys:	AES-SHA1, RC4

Domain Controller Information:
	MSDS-SupportedEncryptionTypes:	0x1F (DES, RC4, AES128-SHA96, AES256-SHA96)
	Available Keys:	AES-SHA1, RC4

Network Information:
	Client Address:		::1
	Client Port:		0
	Advertized Etypes:	
		AES256-CTS-HMAC-SHA1-96
		AES128-CTS-HMAC-SHA1-96
		RC4-HMAC-NT
		RC4-HMAC-NT-EXP
		RC4-HMAC-OLD-EXP
		DES-CBC-MD5

Additional Information:
	Ticket Options:		0x40810010
	Result Code:		0x0
	Ticket Encryption Type:	0x12
	Session Encryption Type:	0x12
	Pre-Authentication Type:	2
	Pre-Authentication EncryptionType:	0x12

Certificate Information:
	Certificate Issuer Name:		
	Certificate Serial Number:	
	Certificate Thumbprint:		

Ticket information
	Response ticket hash:		aNuNO8Z3dCGYcb9I9GnBqQGk5purYYYqj5N1QPaNXp0=

Certificate information is only provided if a certificate was used for pre-authentication.

Pre-authentication types, ticket options, encryption types and result codes are defined in RFC 4120."
Audit Success	3/14/2025 8:30:24 AM	Microsoft-Windows-Security-Auditing	4769	Kerberos Service Ticket Operations	"A Kerberos service ticket was requested.

Account Information:
	Account Name:		Administrator@EMPIRE.LOCAL
	Account Domain:		EMPIRE.LOCAL
	Logon GUID:		{3e69aa07-03f6-5be1-2be2-787338c93aba}
	MSDS-SupportedEncryptionTypes:	N/A
	Available Keys:	N/A

Service Information:
	Service Name:		DC01$
	Service ID:		EMPIRE\DC01$
	MSDS-SupportedEncryptionTypes:	0x1F (DES, RC4, AES128-SHA96, AES256-SHA96)
	Available Keys:	AES-SHA1, RC4

Domain Controller Information:
	MSDS-SupportedEncryptionTypes:	0x1F (DES, RC4, AES128-SHA96, AES256-SHA96)
	Available Keys:	AES-SHA1, RC4

Network Information:
	Client Address:		::1
	Client Port:		0
	Advertized Etypes:	
		AES256-CTS-HMAC-SHA1-96
		AES128-CTS-HMAC-SHA1-96
		RC4-HMAC-NT
		RC4-HMAC-NT-EXP
		RC4-HMAC-OLD-EXP

Additional Information:
	Ticket Options:		0x40810000
	Ticket Encryption Type:	0x12
	Session Encryption Type:	0x12
	Failure Code:		0x0
	Transited Services:	-

Ticket information
	Request ticket hash:		csx4RqDfTn6oQNOC035izv63Gi2B6/LKl95sFm6o5Ns=
	Response ticket hash:		tRkVdZ6PYkQ8vMMtJB48jcek6MVnQ2JmG3/ZsT442I0=

This event is generated every time access is requested to a resource such as a computer or a Windows service.  The service name indicates the resource to which access was requested.

This event can be correlated with Windows logon events by comparing the Logon GUID fields in each event.  The logon event occurs on the machine that was accessed, which is often a different machine than the domain controller which issued the service ticket.

Pre-authentication types, ticket options, encryption types and result codes are defined in RFC 4120."
Audit Success	3/14/2025 8:30:24 AM	Microsoft-Windows-Security-Auditing	4768	Kerberos Authentication Service	"A Kerberos authentication ticket (TGT) was requested.

Account Information:
	Account Name:		Administrator
	Supplied Realm Name:	empire.local
	User ID:			EMPIRE\Administrator
	MSDS-SupportedEncryptionTypes:	0x27 (DES, RC4, AES-Sk)
	Available Keys:	AES-SHA1, RC4

Service Information:
	Service Name:		krbtgt
	Service ID:		EMPIRE\krbtgt
	MSDS-SupportedEncryptionTypes:	0x1F (DES, RC4, AES128-SHA96, AES256-SHA96)
	Available Keys:	AES-SHA1, RC4

Domain Controller Information:
	MSDS-SupportedEncryptionTypes:	0x1F (DES, RC4, AES128-SHA96, AES256-SHA96)
	Available Keys:	AES-SHA1, RC4

Network Information:
	Client Address:		::1
	Client Port:		0
	Advertized Etypes:	
		AES256-CTS-HMAC-SHA1-96
		AES128-CTS-HMAC-SHA1-96
		RC4-HMAC-NT
		RC4-HMAC-NT-EXP
		RC4-HMAC-OLD-EXP
		DES-CBC-MD5

Additional Information:
	Ticket Options:		0x40810010
	Result Code:		0x0
	Ticket Encryption Type:	0x12
	Session Encryption Type:	0x12
	Pre-Authentication Type:	2
	Pre-Authentication EncryptionType:	0x12

Certificate Information:
	Certificate Issuer Name:		
	Certificate Serial Number:	
	Certificate Thumbprint:		

Ticket information
	Response ticket hash:		csx4RqDfTn6oQNOC035izv63Gi2B6/LKl95sFm6o5Ns=

Certificate information is only provided if a certificate was used for pre-authentication.

Pre-authentication types, ticket options, encryption types and result codes are defined in RFC 4120."
Audit Failure	3/14/2025 8:30:11 AM	Microsoft-Windows-Security-Auditing	4768	Kerberos Authentication Service	"A Kerberos authentication ticket (TGT) was requested.

Account Information:
	Account Name:		yoda.rook
	Supplied Realm Name:	EMPIRE.LOCAL
	User ID:			NULL SID
	MSDS-SupportedEncryptionTypes:	-
	Available Keys:	-

Service Information:
	Service Name:		krbtgt/EMPIRE.LOCAL
	Service ID:		NULL SID
	MSDS-SupportedEncryptionTypes:	-
	Available Keys:	-

Domain Controller Information:
	MSDS-SupportedEncryptionTypes:	-
	Available Keys:	-

Network Information:
	Client Address:		172.16.100.253
	Client Port:		41896
	Advertized Etypes:	-

Additional Information:
	Ticket Options:		0x10
	Result Code:		0x6
	Ticket Encryption Type:	0xFFFFFFFF
	Session Encryption Type:	0x2D
	Pre-Authentication Type:	-
	Pre-Authentication EncryptionType:	0x2D

Certificate Information:
	Certificate Issuer Name:		
	Certificate Serial Number:	
	Certificate Thumbprint:		

Ticket information
	Response ticket hash:		-

Certificate information is only provided if a certificate was used for pre-authentication.

Pre-authentication types, ticket options, encryption types and result codes are defined in RFC 4120."
Audit Failure	3/14/2025 8:30:11 AM	Microsoft-Windows-Security-Auditing	4768	Kerberos Authentication Service	"A Kerberos authentication ticket (TGT) was requested.

Account Information:
	Account Name:		lars_poe
	Supplied Realm Name:	EMPIRE.LOCAL
	User ID:			NULL SID
	MSDS-SupportedEncryptionTypes:	-
	Available Keys:	-

Service Information:
	Service Name:		krbtgt/EMPIRE.LOCAL
	Service ID:		NULL SID
	MSDS-SupportedEncryptionTypes:	-
	Available Keys:	-

Domain Controller Information:
	MSDS-SupportedEncryptionTypes:	-
	Available Keys:	-

Network Information:
	Client Address:		172.16.100.253
	Client Port:		60025
	Advertized Etypes:	-

Additional Information:
	Ticket Options:		0x10
	Result Code:		0x6
	Ticket Encryption Type:	0xFFFFFFFF
	Session Encryption Type:	0x2D
	Pre-Authentication Type:	-
	Pre-Authentication EncryptionType:	0x2D

Certificate Information:
	Certificate Issuer Name:		
	Certificate Serial Number:	
	Certificate Thumbprint:		

Ticket information
	Response ticket hash:		-

Certificate information is only provided if a certificate was used for pre-authentication.

Pre-authentication types, ticket options, encryption types and result codes are defined in RFC 4120."
Audit Failure	3/14/2025 8:30:11 AM	Microsoft-Windows-Security-Auditing	4768	Kerberos Authentication Service	"A Kerberos authentication ticket (TGT) was requested.

Account Information:
	Account Name:		rookmaul
	Supplied Realm Name:	EMPIRE.LOCAL
	User ID:			NULL SID
	MSDS-SupportedEncryptionTypes:	-
	Available Keys:	-

Service Information:
	Service Name:		krbtgt/EMPIRE.LOCAL
	Service ID:		NULL SID
	MSDS-SupportedEncryptionTypes:	-
	Available Keys:	-

Domain Controller Information:
	MSDS-SupportedEncryptionTypes:	-
	Available Keys:	-

Network Information:
	Client Address:		172.16.100.253
	Client Port:		51952
	Advertized Etypes:	-

Additional Information:
	Ticket Options:		0x10
	Result Code:		0x6
	Ticket Encryption Type:	0xFFFFFFFF
	Session Encryption Type:	0x2D
	Pre-Authentication Type:	-
	Pre-Authentication EncryptionType:	0x2D

Certificate Information:
	Certificate Issuer Name:		
	Certificate Serial Number:	
	Certificate Thumbprint:		

Ticket information
	Response ticket hash:		-

Certificate information is only provided if a certificate was used for pre-authentication.

Pre-authentication types, ticket options, encryption types and result codes are defined in RFC 4120."
Audit Failure	3/14/2025 8:30:11 AM	Microsoft-Windows-Security-Auditing	4768	Kerberos Authentication Service	"A Kerberos authentication ticket (TGT) was requested.

Account Information:
	Account Name:		cody.d
	Supplied Realm Name:	EMPIRE.LOCAL
	User ID:			NULL SID
	MSDS-SupportedEncryptionTypes:	-
	Available Keys:	-

Service Information:
	Service Name:		krbtgt/EMPIRE.LOCAL
	Service ID:		NULL SID
	MSDS-SupportedEncryptionTypes:	-
	Available Keys:	-

Domain Controller Information:
	MSDS-SupportedEncryptionTypes:	-
	Available Keys:	-

Network Information:
	Client Address:		172.16.100.253
	Client Port:		39151
	Advertized Etypes:	-

Additional Information:
	Ticket Options:		0x10
	Result Code:		0x6
	Ticket Encryption Type:	0xFFFFFFFF
	Session Encryption Type:	0x2D
	Pre-Authentication Type:	-
	Pre-Authentication EncryptionType:	0x2D

Certificate Information:
	Certificate Issuer Name:		
	Certificate Serial Number:	
	Certificate Thumbprint:		

Ticket information
	Response ticket hash:		-

Certificate information is only provided if a certificate was used for pre-authentication.

Pre-authentication types, ticket options, encryption types and result codes are defined in RFC 4120."
Audit Failure	3/14/2025 8:30:11 AM	Microsoft-Windows-Security-Auditing	4768	Kerberos Authentication Service	"A Kerberos authentication ticket (TGT) was requested.

Account Information:
	Account Name:		imwe.k
	Supplied Realm Name:	EMPIRE.LOCAL
	User ID:			NULL SID
	MSDS-SupportedEncryptionTypes:	-
	Available Keys:	-

Service Information:
	Service Name:		krbtgt/EMPIRE.LOCAL
	Service ID:		NULL SID
	MSDS-SupportedEncryptionTypes:	-
	Available Keys:	-

Domain Controller Information:
	MSDS-SupportedEncryptionTypes:	-
	Available Keys:	-

Network Information:
	Client Address:		172.16.100.253
	Client Port:		36302
	Advertized Etypes:	-

Additional Information:
	Ticket Options:		0x10
	Result Code:		0x6
	Ticket Encryption Type:	0xFFFFFFFF
	Session Encryption Type:	0x2D
	Pre-Authentication Type:	-
	Pre-Authentication EncryptionType:	0x2D

Certificate Information:
	Certificate Issuer Name:		
	Certificate Serial Number:	
	Certificate Thumbprint:		

Ticket information
	Response ticket hash:		-

Certificate information is only provided if a certificate was used for pre-authentication.

Pre-authentication types, ticket options, encryption types and result codes are defined in RFC 4120."
Audit Failure	3/14/2025 8:30:11 AM	Microsoft-Windows-Security-Auditing	4768	Kerberos Authentication Service	"A Kerberos authentication ticket (TGT) was requested.

Account Information:
	Account Name:		imwejango
	Supplied Realm Name:	EMPIRE.LOCAL
	User ID:			NULL SID
	MSDS-SupportedEncryptionTypes:	-
	Available Keys:	-

Service Information:
	Service Name:		krbtgt/EMPIRE.LOCAL
	Service ID:		NULL SID
	MSDS-SupportedEncryptionTypes:	-
	Available Keys:	-

Domain Controller Information:
	MSDS-SupportedEncryptionTypes:	-
	Available Keys:	-

Network Information:
	Client Address:		172.16.100.253
	Client Port:		41125
	Advertized Etypes:	-

Additional Information:
	Ticket Options:		0x10
	Result Code:		0x6
	Ticket Encryption Type:	0xFFFFFFFF
	Session Encryption Type:	0x2D
	Pre-Authentication Type:	-
	Pre-Authentication EncryptionType:	0x2D

Certificate Information:
	Certificate Issuer Name:		
	Certificate Serial Number:	
	Certificate Thumbprint:		

Ticket information
	Response ticket hash:		-

Certificate information is only provided if a certificate was used for pre-authentication.

Pre-authentication types, ticket options, encryption types and result codes are defined in RFC 4120."
Audit Failure	3/14/2025 8:30:11 AM	Microsoft-Windows-Security-Auditing	4768	Kerberos Authentication Service	"A Kerberos authentication ticket (TGT) was requested.

Account Information:
	Account Name:		djdooku
	Supplied Realm Name:	EMPIRE.LOCAL
	User ID:			NULL SID
	MSDS-SupportedEncryptionTypes:	-
	Available Keys:	-

Service Information:
	Service Name:		krbtgt/EMPIRE.LOCAL
	Service ID:		NULL SID
	MSDS-SupportedEncryptionTypes:	-
	Available Keys:	-

Domain Controller Information:
	MSDS-SupportedEncryptionTypes:	-
	Available Keys:	-

Network Information:
	Client Address:		172.16.100.253
	Client Port:		35704
	Advertized Etypes:	-

Additional Information:
	Ticket Options:		0x10
	Result Code:		0x6
	Ticket Encryption Type:	0xFFFFFFFF
	Session Encryption Type:	0x2D
	Pre-Authentication Type:	-
	Pre-Authentication EncryptionType:	0x2D

Certificate Information:
	Certificate Issuer Name:		
	Certificate Serial Number:	
	Certificate Thumbprint:		

Ticket information
	Response ticket hash:		-

Certificate information is only provided if a certificate was used for pre-authentication.

Pre-authentication types, ticket options, encryption types and result codes are defined in RFC 4120."
Audit Failure	3/14/2025 8:30:11 AM	Microsoft-Windows-Security-Auditing	4768	Kerberos Authentication Service	"A Kerberos authentication ticket (TGT) was requested.

Account Information:
	Account Name:		kenobi_anakin
	Supplied Realm Name:	EMPIRE.LOCAL
	User ID:			NULL SID
	MSDS-SupportedEncryptionTypes:	-
	Available Keys:	-

Service Information:
	Service Name:		krbtgt/EMPIRE.LOCAL
	Service ID:		NULL SID
	MSDS-SupportedEncryptionTypes:	-
	Available Keys:	-

Domain Controller Information:
	MSDS-SupportedEncryptionTypes:	-
	Available Keys:	-

Network Information:
	Client Address:		172.16.100.253
	Client Port:		48172
	Advertized Etypes:	-

Additional Information:
	Ticket Options:		0x10
	Result Code:		0x6
	Ticket Encryption Type:	0xFFFFFFFF
	Session Encryption Type:	0x2D
	Pre-Authentication Type:	-
	Pre-Authentication EncryptionType:	0x2D

Certificate Information:
	Certificate Issuer Name:		
	Certificate Serial Number:	
	Certificate Thumbprint:		

Ticket information
	Response ticket hash:		-

Certificate information is only provided if a certificate was used for pre-authentication.

Pre-authentication types, ticket options, encryption types and result codes are defined in RFC 4120."
