Audit Success	3/14/2025 8:19:35 AM	Microsoft-Windows-Security-Auditing	4768	Kerberos Authentication Service	"A Kerberos authentication ticket (TGT) was requested.

Account Information:
	Account Name:		Administrator
	Supplied Realm Name:	empire.local
	User ID:			EMPIRE\Administrator
	MSDS-SupportedEncryptionTypes:	0x27 (DES, RC4, AES-Sk)
	Available Keys:	AES-SHA1, RC4

Service Information:
	Service Name:		krbtgt
	Service ID:		EMPIRE\krbtgt
	MSDS-SupportedEncryptionTypes:	0x1F (DES, RC4, AES128-SHA96, AES256-SHA96)
	Available Keys:	AES-SHA1, RC4

Domain Controller Information:
	MSDS-SupportedEncryptionTypes:	0x1F (DES, RC4, AES128-SHA96, AES256-SHA96)
	Available Keys:	AES-SHA1, RC4

Network Information:
	Client Address:		::1
	Client Port:		0
	Advertized Etypes:	
		AES256-CTS-HMAC-SHA1-96
		AES128-CTS-HMAC-SHA1-96
		RC4-HMAC-NT
		RC4-HMAC-NT-EXP
		RC4-HMAC-OLD-EXP
		DES-CBC-MD5

Additional Information:
	Ticket Options:		0x40810010
	Result Code:		0x0
	Ticket Encryption Type:	0x12
	Session Encryption Type:	0x12
	Pre-Authentication Type:	2
	Pre-Authentication EncryptionType:	0x12

Certificate Information:
	Certificate Issuer Name:		
	Certificate Serial Number:	
	Certificate Thumbprint:		

Ticket information
	Response ticket hash:		GffANW946PffBD0bCBYWA7T1/d1gFrsrP7ymPde7Uys=

Certificate information is only provided if a certificate was used for pre-authentication.

Pre-authentication types, ticket options, encryption types and result codes are defined in RFC 4120."
Audit Success	3/14/2025 8:18:39 AM	Microsoft-Windows-Security-Auditing	4769	Kerberos Service Ticket Operations	"A Kerberos service ticket was requested.

Account Information:
	Account Name:		Administrator@EMPIRE.LOCAL
	Account Domain:		EMPIRE.LOCAL
	Logon GUID:		{ea19cb93-bd7f-69ad-ea13-071e374ec631}
	MSDS-SupportedEncryptionTypes:	N/A
	Available Keys:	N/A

Service Information:
	Service Name:		DC01$
	Service ID:		EMPIRE\DC01$
	MSDS-SupportedEncryptionTypes:	0x1F (DES, RC4, AES128-SHA96, AES256-SHA96)
	Available Keys:	AES-SHA1, RC4

Domain Controller Information:
	MSDS-SupportedEncryptionTypes:	0x1F (DES, RC4, AES128-SHA96, AES256-SHA96)
	Available Keys:	AES-SHA1, RC4

Network Information:
	Client Address:		::1
	Client Port:		0
	Advertized Etypes:	
		AES256-CTS-HMAC-SHA1-96
		AES128-CTS-HMAC-SHA1-96
		RC4-HMAC-NT
		RC4-HMAC-NT-EXP
		RC4-HMAC-OLD-EXP

Additional Information:
	Ticket Options:		0x40810000
	Ticket Encryption Type:	0x12
	Session Encryption Type:	0x12
	Failure Code:		0x0
	Transited Services:	-

Ticket information
	Request ticket hash:		mChH5r9f94GRMCmS267yEnz709zR2FAuiTQKJyoOYL4=
	Response ticket hash:		OItXu3RYU5GwzLl9F7W3JfDzp19WEBQ5+H4iG9UZbqw=

This event is generated every time access is requested to a resource such as a computer or a Windows service.  The service name indicates the resource to which access was requested.

This event can be correlated with Windows logon events by comparing the Logon GUID fields in each event.  The logon event occurs on the machine that was accessed, which is often a different machine than the domain controller which issued the service ticket.

Pre-authentication types, ticket options, encryption types and result codes are defined in RFC 4120."
Audit Success	3/14/2025 8:18:39 AM	Microsoft-Windows-Security-Auditing	4768	Kerberos Authentication Service	"A Kerberos authentication ticket (TGT) was requested.

Account Information:
	Account Name:		Administrator
	Supplied Realm Name:	empire.local
	User ID:			EMPIRE\Administrator
	MSDS-SupportedEncryptionTypes:	0x27 (DES, RC4, AES-Sk)
	Available Keys:	AES-SHA1, RC4

Service Information:
	Service Name:		krbtgt
	Service ID:		EMPIRE\krbtgt
	MSDS-SupportedEncryptionTypes:	0x1F (DES, RC4, AES128-SHA96, AES256-SHA96)
	Available Keys:	AES-SHA1, RC4

Domain Controller Information:
	MSDS-SupportedEncryptionTypes:	0x1F (DES, RC4, AES128-SHA96, AES256-SHA96)
	Available Keys:	AES-SHA1, RC4

Network Information:
	Client Address:		::1
	Client Port:		0
	Advertized Etypes:	
		AES256-CTS-HMAC-SHA1-96
		AES128-CTS-HMAC-SHA1-96
		RC4-HMAC-NT
		RC4-HMAC-NT-EXP
		RC4-HMAC-OLD-EXP
		DES-CBC-MD5

Additional Information:
	Ticket Options:		0x40810010
	Result Code:		0x0
	Ticket Encryption Type:	0x12
	Session Encryption Type:	0x12
	Pre-Authentication Type:	2
	Pre-Authentication EncryptionType:	0x12

Certificate Information:
	Certificate Issuer Name:		
	Certificate Serial Number:	
	Certificate Thumbprint:		

Ticket information
	Response ticket hash:		mChH5r9f94GRMCmS267yEnz709zR2FAuiTQKJyoOYL4=

Certificate information is only provided if a certificate was used for pre-authentication.

Pre-authentication types, ticket options, encryption types and result codes are defined in RFC 4120."
Audit Success	3/14/2025 8:18:24 AM	Microsoft-Windows-Security-Auditing	4769	Kerberos Service Ticket Operations	"A Kerberos service ticket was requested.

Account Information:
	Account Name:		Administrator@EMPIRE.LOCAL
	Account Domain:		EMPIRE.LOCAL
	Logon GUID:		{58bdcaa3-3ccd-a661-9a7d-14310c53d1e2}
	MSDS-SupportedEncryptionTypes:	N/A
	Available Keys:	N/A

Service Information:
	Service Name:		DC01$
	Service ID:		EMPIRE\DC01$
	MSDS-SupportedEncryptionTypes:	0x1F (DES, RC4, AES128-SHA96, AES256-SHA96)
	Available Keys:	AES-SHA1, RC4

Domain Controller Information:
	MSDS-SupportedEncryptionTypes:	0x1F (DES, RC4, AES128-SHA96, AES256-SHA96)
	Available Keys:	AES-SHA1, RC4

Network Information:
	Client Address:		::1
	Client Port:		0
	Advertized Etypes:	
		AES256-CTS-HMAC-SHA1-96
		AES128-CTS-HMAC-SHA1-96
		RC4-HMAC-NT
		RC4-HMAC-NT-EXP
		RC4-HMAC-OLD-EXP

Additional Information:
	Ticket Options:		0x40810000
	Ticket Encryption Type:	0x12
	Session Encryption Type:	0x12
	Failure Code:		0x0
	Transited Services:	-

Ticket information
	Request ticket hash:		MZ/tMTylHzEScI9GqWaVF4jNsF4LKv/5a/U/uP6vAC0=
	Response ticket hash:		9KwYnQrdkrl8RVI02qhl8VfSPvLhgpL/piDuTUsDcww=

This event is generated every time access is requested to a resource such as a computer or a Windows service.  The service name indicates the resource to which access was requested.

This event can be correlated with Windows logon events by comparing the Logon GUID fields in each event.  The logon event occurs on the machine that was accessed, which is often a different machine than the domain controller which issued the service ticket.

Pre-authentication types, ticket options, encryption types and result codes are defined in RFC 4120."
Audit Success	3/14/2025 8:18:24 AM	Microsoft-Windows-Security-Auditing	4768	Kerberos Authentication Service	"A Kerberos authentication ticket (TGT) was requested.

Account Information:
	Account Name:		Administrator
	Supplied Realm Name:	empire.local
	User ID:			EMPIRE\Administrator
	MSDS-SupportedEncryptionTypes:	0x27 (DES, RC4, AES-Sk)
	Available Keys:	AES-SHA1, RC4

Service Information:
	Service Name:		krbtgt
	Service ID:		EMPIRE\krbtgt
	MSDS-SupportedEncryptionTypes:	0x1F (DES, RC4, AES128-SHA96, AES256-SHA96)
	Available Keys:	AES-SHA1, RC4

Domain Controller Information:
	MSDS-SupportedEncryptionTypes:	0x1F (DES, RC4, AES128-SHA96, AES256-SHA96)
	Available Keys:	AES-SHA1, RC4

Network Information:
	Client Address:		::1
	Client Port:		0
	Advertized Etypes:	
		AES256-CTS-HMAC-SHA1-96
		AES128-CTS-HMAC-SHA1-96
		RC4-HMAC-NT
		RC4-HMAC-NT-EXP
		RC4-HMAC-OLD-EXP
		DES-CBC-MD5

Additional Information:
	Ticket Options:		0x40810010
	Result Code:		0x0
	Ticket Encryption Type:	0x12
	Session Encryption Type:	0x12
	Pre-Authentication Type:	2
	Pre-Authentication EncryptionType:	0x12

Certificate Information:
	Certificate Issuer Name:		
	Certificate Serial Number:	
	Certificate Thumbprint:		

Ticket information
	Response ticket hash:		MZ/tMTylHzEScI9GqWaVF4jNsF4LKv/5a/U/uP6vAC0=

Certificate information is only provided if a certificate was used for pre-authentication.

Pre-authentication types, ticket options, encryption types and result codes are defined in RFC 4120."
Audit Success	3/14/2025 8:12:24 AM	Microsoft-Windows-Security-Auditing	4769	Kerberos Service Ticket Operations	"A Kerberos service ticket was requested.

Account Information:
	Account Name:		sidious@EMPIRE.LOCAL
	Account Domain:		EMPIRE.LOCAL
	Logon GUID:		{0bd21d61-7af4-26f4-f92d-86d2e2e527af}
	MSDS-SupportedEncryptionTypes:	N/A
	Available Keys:	N/A

Service Information:
	Service Name:		DC01$
	Service ID:		EMPIRE\DC01$
	MSDS-SupportedEncryptionTypes:	0x1F (DES, RC4, AES128-SHA96, AES256-SHA96)
	Available Keys:	AES-SHA1, RC4

Domain Controller Information:
	MSDS-SupportedEncryptionTypes:	0x1F (DES, RC4, AES128-SHA96, AES256-SHA96)
	Available Keys:	AES-SHA1, RC4

Network Information:
	Client Address:		::1
	Client Port:		0
	Advertized Etypes:	
		AES256-CTS-HMAC-SHA1-96
		AES128-CTS-HMAC-SHA1-96
		RC4-HMAC-NT
		RC4-HMAC-NT-EXP
		RC4-HMAC-OLD-EXP

Additional Information:
	Ticket Options:		0x40810000
	Ticket Encryption Type:	0x12
	Session Encryption Type:	0x12
	Failure Code:		0x0
	Transited Services:	-

Ticket information
	Request ticket hash:		HBCK/i1nBcdyDQbNKTmSP2eCOT+BkWIJ7MxpXHKCUdo=
	Response ticket hash:		4R4YRFcRI744UEaaWrexVPS9taOyg5t35PxATXo6A8g=

This event is generated every time access is requested to a resource such as a computer or a Windows service.  The service name indicates the resource to which access was requested.

This event can be correlated with Windows logon events by comparing the Logon GUID fields in each event.  The logon event occurs on the machine that was accessed, which is often a different machine than the domain controller which issued the service ticket.

Pre-authentication types, ticket options, encryption types and result codes are defined in RFC 4120."
Audit Success	3/14/2025 8:12:24 AM	Microsoft-Windows-Security-Auditing	4768	Kerberos Authentication Service	"A Kerberos authentication ticket (TGT) was requested.

Account Information:
	Account Name:		sidious
	Supplied Realm Name:	empire.local
	User ID:			EMPIRE\sidious
	MSDS-SupportedEncryptionTypes:	0x27 (DES, RC4, AES-Sk)
	Available Keys:	AES-SHA1, RC4

Service Information:
	Service Name:		krbtgt
	Service ID:		EMPIRE\krbtgt
	MSDS-SupportedEncryptionTypes:	0x1F (DES, RC4, AES128-SHA96, AES256-SHA96)
	Available Keys:	AES-SHA1, RC4

Domain Controller Information:
	MSDS-SupportedEncryptionTypes:	0x1F (DES, RC4, AES128-SHA96, AES256-SHA96)
	Available Keys:	AES-SHA1, RC4

Network Information:
	Client Address:		::1
	Client Port:		0
	Advertized Etypes:	
		AES256-CTS-HMAC-SHA1-96
		AES128-CTS-HMAC-SHA1-96
		RC4-HMAC-NT
		RC4-HMAC-NT-EXP
		RC4-HMAC-OLD-EXP
		DES-CBC-MD5

Additional Information:
	Ticket Options:		0x40810010
	Result Code:		0x0
	Ticket Encryption Type:	0x12
	Session Encryption Type:	0x12
	Pre-Authentication Type:	2
	Pre-Authentication EncryptionType:	0x12

Certificate Information:
	Certificate Issuer Name:		
	Certificate Serial Number:	
	Certificate Thumbprint:		

Ticket information
	Response ticket hash:		HBCK/i1nBcdyDQbNKTmSP2eCOT+BkWIJ7MxpXHKCUdo=

Certificate information is only provided if a certificate was used for pre-authentication.

Pre-authentication types, ticket options, encryption types and result codes are defined in RFC 4120."
Audit Success	3/14/2025 8:12:03 AM	Microsoft-Windows-Eventlog	1102	Log clear	"The audit log was cleared.
Subject:
	Security ID:	EMPIRE\sidious
	Account Name:	sidious
	Domain Name:	EMPIRE
	Logon ID:	0x1C468E"
